Log file open, 12/12/18 14:31:41
LogWindows: Failed to load 'aqProf.dll' (GetLastError=126)
LogWindows: File 'aqProf.dll' does not exist
LogWindows: Failed to load 'VtuneApi.dll' (GetLastError=126)
LogWindows: File 'VtuneApi.dll' does not exist
LogWindows: Failed to load 'VtuneApi32e.dll' (GetLastError=126)
LogWindows: File 'VtuneApi32e.dll' does not exist
LogConsoleResponse: Display: Failed to find resolution value strings in scalability ini. Falling back to default.
LogInit: Display: Running engine for game: Pantheon
LogPakFile: Registered encryption key '00000000000000000000000000000000': 0 pak files mounted, 0 remain pending
LogPlatformFile: Not using cached read wrapper
LogTaskGraph: Started task graph with 5 named threads and 35 total threads with 3 sets of task threads.
LogStats: Stats thread started at 0.422472
LogD3D11RHI: Loaded GFSDK_Aftermath_Lib.x64.dll
LogICUInternationalization: ICU TimeZone Detection - Raw Offset: +0:00, Platform Override: ''
LogPluginManager: Mounting plugin Paper2D
LogPluginManager: Mounting plugin AISupport
LogPluginManager: Mounting plugin LightPropagationVolume
LogPluginManager: Mounting plugin ActorLayerUtilities
LogPluginManager: Mounting plugin CLionSourceCodeAccess
LogPluginManager: Mounting plugin CodeLiteSourceCodeAccess
LogPluginManager: Mounting plugin GitSourceControl
LogPluginManager: Mounting plugin KDevelopSourceCodeAccess
LogPluginManager: Mounting plugin NullSourceCodeAccess
LogPluginManager: Mounting plugin PerforceSourceControl
LogPluginManager: Mounting plugin SubversionSourceControl
LogPluginManager: Mounting plugin UObjectPlugin
LogPluginManager: Mounting plugin VisualStudioCodeSourceCodeAccess
LogPluginManager: Mounting plugin VisualStudioSourceCodeAccess
LogPluginManager: Mounting plugin XCodeSourceCodeAccess
LogPluginManager: Mounting plugin AssetManagerEditor
LogPluginManager: Mounting plugin CryptoKeys
LogPluginManager: Mounting plugin DataValidation
LogPluginManager: Mounting plugin FacialAnimation
LogPluginManager: Mounting plugin GameplayTagsEditor
LogPluginManager: Mounting plugin MacGraphicsSwitching
LogPluginManager: Mounting plugin MeshEditor
LogPluginManager: Mounting plugin MobileLauncherProfileWizard
LogPluginManager: Mounting plugin PluginBrowser
LogPluginManager: Mounting plugin SpeedTreeImporter
LogPluginManager: Mounting plugin DatasmithContent
LogPluginManager: Mounting plugin VariantManagerContent
LogPluginManager: Mounting plugin AlembicImporter
LogPluginManager: Mounting plugin AppleImageUtils
LogPluginManager: Mounting plugin AppleVision
LogPluginManager: Mounting plugin BackChannel
LogPluginManager: Mounting plugin CharacterAI
LogPluginManager: Mounting plugin GeometryCache
LogPluginManager: Mounting plugin HTML5Networking
LogPluginManager: Mounting plugin ProxyLODPlugin
LogPluginManager: Mounting plugin MagicLeap
LogPluginManager: Mounting plugin MagicLeapMedia
LogPluginManager: Mounting plugin AndroidMedia
LogPluginManager: Mounting plugin AvfMedia
LogPluginManager: Mounting plugin ImgMedia
LogPluginManager: Mounting plugin LinearTimecode
LogPluginManager: Mounting plugin MediaCompositing
LogPluginManager: Mounting plugin MediaPlayerEditor
LogPluginManager: Mounting plugin WebMMedia
LogPluginManager: Mounting plugin WmfMedia
LogPluginManager: Mounting plugin TcpMessaging
LogPluginManager: Mounting plugin UdpMessaging
LogPluginManager: Mounting plugin ActorSequence
LogPluginManager: Mounting plugin LevelSequenceEditor
LogPluginManager: Mounting plugin MatineeToLevelSequence
LogPluginManager: Mounting plugin NetcodeUnitTest
LogPluginManager: Mounting plugin NUTUnrealEngine4
LogPluginManager: Mounting plugin OnlineSubsystemGooglePlay
LogPluginManager: Mounting plugin OnlineSubsystemIOS
LogPluginManager: Mounting plugin OnlineSubsystem
LogPluginManager: Mounting plugin OnlineSubsystemNull
LogPluginManager: Mounting plugin OnlineSubsystemUtils
LogPluginManager: Mounting plugin LauncherChunkInstaller
LogPluginManager: Mounting plugin AndroidDeviceProfileSelector
LogPluginManager: Mounting plugin AndroidMoviePlayer
LogPluginManager: Mounting plugin AndroidPermission
LogPluginManager: Mounting plugin AppleMoviePlayer
LogPluginManager: Mounting plugin ArchVisCharacter
LogPluginManager: Mounting plugin AudioCapture
LogPluginManager: Mounting plugin CableComponent
LogPluginManager: Mounting plugin CustomMeshComponent
LogPluginManager: Mounting plugin EditableMesh
LogPluginManager: Mounting plugin ExampleDeviceProfileSelector
LogPluginManager: Mounting plugin Firebase
LogPluginManager: Mounting plugin GoogleCloudMessaging
LogPluginManager: Mounting plugin IOSDeviceProfileSelector
LogPluginManager: Mounting plugin LinuxDeviceProfileSelector
LogPluginManager: Mounting plugin LocationServicesBPLibrary
LogPluginManager: Mounting plugin MobilePatchingUtils
LogPluginManager: Mounting plugin OculusVR
LogPluginManager: Mounting plugin PhysXVehicles
LogPluginManager: Mounting plugin ProceduralMeshComponent
LogPluginManager: Mounting plugin RuntimePhysXCooking
LogPluginManager: Mounting plugin SteamVR
LogPluginManager: Mounting plugin WebMMoviePlayer
LogPluginManager: Mounting plugin WindowsMoviePlayer
LogStreaming: Display: Took  0.085s to configure plugins.
LogInit: Using libcurl 7.55.1-DEV
LogInit:  - built for x86_64-pc-win32
LogInit:  - supports SSL with OpenSSL/1.0.2h
LogInit:  - supports HTTP deflate (compression) using libz 1.2.8
LogInit:  - other features:
LogInit:      CURL_VERSION_SSL
LogInit:      CURL_VERSION_LIBZ
LogInit:      CURL_VERSION_IPV6
LogInit:      CURL_VERSION_ASYNCHDNS
LogInit:      CURL_VERSION_LARGEFILE
LogInit:      CURL_VERSION_IDN
LogInit:  CurlRequestOptions (configurable via config and command line):
LogInit:  - bVerifyPeer = true  - Libcurl will verify peer certificate
LogInit:  - bUseHttpProxy = false  - Libcurl will NOT use HTTP proxy
LogInit:  - bDontReuseConnections = false  - Libcurl will reuse connections
LogInit:  - MaxHostConnections = 16  - Libcurl will limit the number of connections to a host
LogInit:  - LocalHostAddr = Default
LogInit:  - BufferSize = 65536
LogInit: WinSock: version 1.1 (2.2), MaxSocks=32767, MaxUdp=65467
LogInit: Build: ++UE4+Release-4.21-CL-4613538
LogInit: Engine Version: 4.21.1-4613538+++UE4+Release-4.21
LogInit: Compatible Engine Version: 4.21.0-4541578+++UE4+Release-4.21
LogInit: Net CL: 4541578
LogInit: OS: Windows 10 (), CPU:        Intel(R) Core(TM) i7-3930K CPU @ 3.20GHz, GPU: NVIDIA GeForce GT 710
LogInit: Compiled (64-bit): Nov 30 2018 04:13:25
LogInit: Compiled with Visual C++: 19.13.26129.00
LogInit: Build Configuration: Development
LogInit: Branch Name: ++UE4+Release-4.21
LogInit: Command Line: 
LogInit: Base Directory: F:/Epic Games/UE_4.21/Engine/Binaries/Win64/
LogInit: Installed Engine Build: 1
LogDevObjectVersion: Number of dev versions registered: 22
LogDevObjectVersion:   Dev-Blueprints (B0D832E4-1F89-4F0D-ACCF-7EB736FD4AA2): 10
LogDevObjectVersion:   Dev-Build (E1C64328-A22C-4D53-A36C-8E866417BD8C): 0
LogDevObjectVersion:   Dev-Core (375EC13C-06E4-48FB-B500-84F0262A717E): 2
LogDevObjectVersion:   Dev-Editor (E4B068ED-F494-42E9-A231-DA0B2E46BB41): 26
LogDevObjectVersion:   Dev-Framework (CFFC743F-43B0-4480-9391-14DF171D2073): 34
LogDevObjectVersion:   Dev-Mobile (B02B49B5-BB20-44E9-A304-32B752E40360): 2
LogDevObjectVersion:   Dev-Networking (A4E4105C-59A1-49B5-A7C5-40C4547EDFEE): 0
LogDevObjectVersion:   Dev-Online (39C831C9-5AE6-47DC-9A44-9C173E1C8E7C): 0
LogDevObjectVersion:   Dev-Physics (78F01B33-EBEA-4F98-B9B4-84EACCB95AA2): 0
LogDevObjectVersion:   Dev-Platform (6631380F-2D4D-43E0-8009-CF276956A95A): 0
LogDevObjectVersion:   Dev-Rendering (12F88B9F-8875-4AFC-A67C-D90C383ABD29): 27
LogDevObjectVersion:   Dev-Sequencer (7B5AE74C-D270-4C10-A958-57980B212A5A): 9
LogDevObjectVersion:   Dev-VR (D7296918-1DD6-4BDD-9DE2-64A83CC13884): 2
LogDevObjectVersion:   Dev-LoadTimes (C2A15278-BFE7-4AFE-6C17-90FF531DF755): 1
LogDevObjectVersion:   Private-Geometry (6EACA3D4-40EC-4CC1-B786-8BED09428FC5): 3
LogDevObjectVersion:   Dev-AnimPhys (29E575DD-E0A3-4627-9D10-D276232CDCEA): 17
LogDevObjectVersion:   Dev-Anim (AF43A65D-7FD3-4947-9873-3E8ED9C1BB05): 2
LogDevObjectVersion:   Dev-ReflectionCapture (6B266CEC-1EC7-4B8F-A30B-E4D90942FC07): 1
LogDevObjectVersion:   Dev-Automation (0DF73D61-A23F-47EA-B727-89E90C41499A): 1
LogDevObjectVersion:   FortniteMain (601D1886-AC64-4F84-AA16-D3DE0DEAC7D6): 17
LogDevObjectVersion:   Dev-Enterprise (9DFFBCD6-494F-0158-E221-12823C92A888): 4
LogDevObjectVersion:   Dev-Niagara (F2AED0AC-9AFE-416F-8664-AA7FFA26D6FC): 1
LogStreaming: Display: Took  0.000s to delete old logs.
LogInit: Presizing for max 8388607 objects, including 0 objects not considered by GC, pre-allocating 0 bytes for permanent pool.
LogInit: Object subsystem initialized
LogConfig: Setting CVar [[con.DebugEarlyDefault:1]]
LogConfig: Setting CVar [[r.setres:1280x720]]
[2018.12.12-14.31.42:056][  0]LogConfig: Setting CVar [[r.VSync:0]]
[2018.12.12-14.31.42:056][  0]LogConfig: Setting CVar [[r.RHICmdBypass:0]]
[2018.12.12-14.31.42:056][  0]LogConfig: Applying CVar settings from Section [/Script/Engine.RendererSettings] File [F:/Users/Gavin Johnson/Documents/GitHub/PantheonTest/Pantheon/Saved/Config/Windows/Engine.ini]
[2018.12.12-14.31.42:056][  0]LogConfig: Setting CVar [[r.GPUCrashDebugging:0]]
[2018.12.12-14.31.42:056][  0]LogConfig: Applying CVar settings from Section [/Script/Engine.RendererOverrideSettings] File [F:/Users/Gavin Johnson/Documents/GitHub/PantheonTest/Pantheon/Saved/Config/Windows/Engine.ini]
[2018.12.12-14.31.42:056][  0]LogConfig: Applying CVar settings from Section [/Script/Engine.StreamingSettings] File [F:/Users/Gavin Johnson/Documents/GitHub/PantheonTest/Pantheon/Saved/Config/Windows/Engine.ini]
[2018.12.12-14.31.42:056][  0]LogConfig: Setting CVar [[s.MinBulkDataSizeForAsyncLoading:131072]]
[2018.12.12-14.31.42:056][  0]LogConfig: Setting CVar [[s.AsyncLoadingThreadEnabled:0]]
[2018.12.12-14.31.42:056][  0]LogConfig: Setting CVar [[s.EventDrivenLoaderEnabled:1]]
[2018.12.12-14.31.42:056][  0]LogConfig: Setting CVar [[s.WarnIfTimeLimitExceeded:0]]
[2018.12.12-14.31.42:056][  0]LogConfig: Setting CVar [[s.TimeLimitExceededMultiplier:1.5]]
[2018.12.12-14.31.42:056][  0]LogConfig: Setting CVar [[s.TimeLimitExceededMinTime:0.005]]
[2018.12.12-14.31.42:056][  0]LogConfig: Setting CVar [[s.UseBackgroundLevelStreaming:1]]
[2018.12.12-14.31.42:056][  0]LogConfig: Setting CVar [[s.PriorityAsyncLoadingExtraTime:15.0]]
[2018.12.12-14.31.42:057][  0]LogConfig: Setting CVar [[s.LevelStreamingActorsUpdateTimeLimit:5.0]]
[2018.12.12-14.31.42:057][  0]LogConfig: Setting CVar [[s.PriorityLevelStreamingActorsUpdateExtraTime:5.0]]
[2018.12.12-14.31.42:057][  0]LogConfig: Setting CVar [[s.LevelStreamingComponentsRegistrationGranularity:10]]
[2018.12.12-14.31.42:057][  0]LogConfig: Setting CVar [[s.UnregisterComponentsTimeLimit:1.0]]
[2018.12.12-14.31.42:057][  0]LogConfig: Setting CVar [[s.LevelStreamingComponentsUnregistrationGranularity:5]]
[2018.12.12-14.31.42:057][  0]LogConfig: Applying CVar settings from Section [/Script/Engine.GarbageCollectionSettings] File [F:/Users/Gavin Johnson/Documents/GitHub/PantheonTest/Pantheon/Saved/Config/Windows/Engine.ini]
[2018.12.12-14.31.42:057][  0]LogConfig: Setting CVar [[gc.MaxObjectsNotConsideredByGC:1]]
[2018.12.12-14.31.42:057][  0]LogConfig: Setting CVar [[gc.SizeOfPermanentObjectPool:0]]
[2018.12.12-14.31.42:057][  0]LogConfig: Setting CVar [[gc.FlushStreamingOnGC:0]]
[2018.12.12-14.31.42:057][  0]LogConfig: Setting CVar [[gc.NumRetriesBeforeForcingGC:10]]
[2018.12.12-14.31.42:057][  0]LogConfig: Setting CVar [[gc.AllowParallelGC:1]]
[2018.12.12-14.31.42:057][  0]LogConfig: Setting CVar [[gc.TimeBetweenPurgingPendingKillObjects:61.1]]
[2018.12.12-14.31.42:057][  0]LogConfig: Setting CVar [[gc.MaxObjectsInEditor:8388607]]
[2018.12.12-14.31.42:057][  0]LogConfig: Setting CVar [[gc.IncrementalBeginDestroyEnabled:1]]
[2018.12.12-14.31.42:057][  0]LogConfig: Setting CVar [[gc.CreateGCClusters:1]]
[2018.12.12-14.31.42:057][  0]LogConfig: Setting CVar [[gc.MergeGCClusters:0]]
[2018.12.12-14.31.42:057][  0]LogConfig: Setting CVar [[gc.MinGCClusterSize:5]]
[2018.12.12-14.31.42:057][  0]LogConfig: Setting CVar [[gc.ActorClusteringEnabled:0]]
[2018.12.12-14.31.42:057][  0]LogConfig: Setting CVar [[gc.BlueprintClusteringEnabled:0]]
[2018.12.12-14.31.42:057][  0]LogConfig: Setting CVar [[gc.UseDisregardForGCOnDedicatedServers:0]]
[2018.12.12-14.31.42:057][  0]LogConfig: Applying CVar settings from Section [/Script/Engine.NetworkSettings] File [F:/Users/Gavin Johnson/Documents/GitHub/PantheonTest/Pantheon/Saved/Config/Windows/Engine.ini]
[2018.12.12-14.31.42:057][  0]LogConfig: Applying CVar settings from Section [/Script/UnrealEd.CookerSettings] File [F:/Users/Gavin Johnson/Documents/GitHub/PantheonTest/Pantheon/Saved/Config/Windows/Engine.ini]
[2018.12.12-14.31.42:067][  0]LogConfig: Applying CVar settings from Section [ViewDistanceQuality@3] File [F:/Users/Gavin Johnson/Documents/GitHub/PantheonTest/Pantheon/Saved/Config/Windows/Scalability.ini]
[2018.12.12-14.31.42:067][  0]LogConfig: Setting CVar [[r.SkeletalMeshLODBias:0]]
[2018.12.12-14.31.42:067][  0]LogConfig: Setting CVar [[r.ViewDistanceScale:1.0]]
[2018.12.12-14.31.42:067][  0]LogConfig: Applying CVar settings from Section [AntiAliasingQuality@3] File [F:/Users/Gavin Johnson/Documents/GitHub/PantheonTest/Pantheon/Saved/Config/Windows/Scalability.ini]
[2018.12.12-14.31.42:067][  0]LogConfig: Setting CVar [[r.PostProcessAAQuality:4]]
[2018.12.12-14.31.42:067][  0]LogConfig: Applying CVar settings from Section [ShadowQuality@3] File [F:/Users/Gavin Johnson/Documents/GitHub/PantheonTest/Pantheon/Saved/Config/Windows/Scalability.ini]
[2018.12.12-14.31.42:067][  0]LogConfig: Setting CVar [[r.LightFunctionQuality:1]]
[2018.12.12-14.31.42:067][  0]LogConfig: Setting CVar [[r.ShadowQuality:5]]
[2018.12.12-14.31.42:067][  0]LogConfig: Setting CVar [[r.Shadow.CSM.MaxCascades:10]]
[2018.12.12-14.31.42:067][  0]LogConfig: Setting CVar [[r.Shadow.MaxResolution:2048]]
[2018.12.12-14.31.42:067][  0]LogConfig: Setting CVar [[r.Shadow.MaxCSMResolution:2048]]
[2018.12.12-14.31.42:067][  0]LogConfig: Setting CVar [[r.Shadow.RadiusThreshold:0.01]]
[2018.12.12-14.31.42:067][  0]LogConfig: Setting CVar [[r.Shadow.DistanceScale:1.0]]
[2018.12.12-14.31.42:067][  0]LogConfig: Setting CVar [[r.Shadow.CSM.TransitionScale:1.0]]
[2018.12.12-14.31.42:067][  0]LogConfig: Setting CVar [[r.Shadow.PreShadowResolutionFactor:1.0]]
[2018.12.12-14.31.42:067][  0]LogConfig: Setting CVar [[r.DistanceFieldShadowing:1]]
[2018.12.12-14.31.42:067][  0]LogConfig: Setting CVar [[r.DistanceFieldAO:1]]
[2018.12.12-14.31.42:067][  0]LogConfig: Setting CVar [[r.AOQuality:2]]
[2018.12.12-14.31.42:067][  0]LogConfig: Setting CVar [[r.VolumetricFog:1]]
[2018.12.12-14.31.42:067][  0]LogConfig: Setting CVar [[r.VolumetricFog.GridPixelSize:8]]
[2018.12.12-14.31.42:067][  0]LogConfig: Setting CVar [[r.VolumetricFog.GridSizeZ:128]]
[2018.12.12-14.31.42:068][  0]LogConfig: Setting CVar [[r.VolumetricFog.HistoryMissSupersampleCount:4]]
[2018.12.12-14.31.42:068][  0]LogConfig: Setting CVar [[r.LightMaxDrawDistanceScale:1]]
[2018.12.12-14.31.42:068][  0]LogConfig: Setting CVar [[r.CapsuleShadows:1]]
[2018.12.12-14.31.42:068][  0]LogConfig: Applying CVar settings from Section [PostProcessQuality@3] File [F:/Users/Gavin Johnson/Documents/GitHub/PantheonTest/Pantheon/Saved/Config/Windows/Scalability.ini]
[2018.12.12-14.31.42:068][  0]LogConfig: Setting CVar [[r.MotionBlurQuality:4]]
[2018.12.12-14.31.42:068][  0]LogConfig: Setting CVar [[r.AmbientOcclusionMipLevelFactor:0.4]]
[2018.12.12-14.31.42:068][  0]LogConfig: Setting CVar [[r.AmbientOcclusionMaxQuality:100]]
[2018.12.12-14.31.42:068][  0]LogConfig: Setting CVar [[r.AmbientOcclusionLevels:-1]]
[2018.12.12-14.31.42:068][  0]LogConfig: Setting CVar [[r.AmbientOcclusionRadiusScale:1.0]]
[2018.12.12-14.31.42:068][  0]LogConfig: Setting CVar [[r.DepthOfFieldQuality:2]]
[2018.12.12-14.31.42:068][  0]LogConfig: Setting CVar [[r.RenderTargetPoolMin:400]]
[2018.12.12-14.31.42:068][  0]LogConfig: Setting CVar [[r.LensFlareQuality:2]]
[2018.12.12-14.31.42:068][  0]LogConfig: Setting CVar [[r.SceneColorFringeQuality:1]]
[2018.12.12-14.31.42:068][  0]LogConfig: Setting CVar [[r.EyeAdaptationQuality:2]]
[2018.12.12-14.31.42:068][  0]LogConfig: Setting CVar [[r.BloomQuality:5]]
[2018.12.12-14.31.42:068][  0]LogConfig: Setting CVar [[r.FastBlurThreshold:100]]
[2018.12.12-14.31.42:068][  0]LogConfig: Setting CVar [[r.Upscale.Quality:3]]
[2018.12.12-14.31.42:068][  0]LogConfig: Setting CVar [[r.Tonemapper.GrainQuantization:1]]
[2018.12.12-14.31.42:068][  0]LogConfig: Setting CVar [[r.LightShaftQuality:1]]
[2018.12.12-14.31.42:068][  0]LogConfig: Setting CVar [[r.Filter.SizeScale:1]]
[2018.12.12-14.31.42:068][  0]LogConfig: Setting CVar [[r.Tonemapper.Quality:5]]
[2018.12.12-14.31.42:068][  0]LogConfig: Setting CVar [[r.DOF.Gather.AccumulatorQuality:1        ; higher gathering accumulator quality]]
[2018.12.12-14.31.42:068][  0]LogConfig: Setting CVar [[r.DOF.Gather.PostfilterMethod:1          ; Median3x3 postfilering method]]
[2018.12.12-14.31.42:068][  0]LogConfig: Setting CVar [[r.DOF.Gather.EnableBokehSettings:0       ; no bokeh simulation when gathering]]
[2018.12.12-14.31.42:068][  0]LogConfig: Setting CVar [[r.DOF.Gather.RingCount:4                 ; medium number of samples when gathering]]
[2018.12.12-14.31.42:068][  0]LogConfig: Setting CVar [[r.DOF.Scatter.ForegroundCompositing:1    ; additive foreground scattering]]
[2018.12.12-14.31.42:068][  0]LogConfig: Setting CVar [[r.DOF.Scatter.BackgroundCompositing:2    ; additive background scattering]]
[2018.12.12-14.31.42:068][  0]LogConfig: Setting CVar [[r.DOF.Scatter.EnableBokehSettings:1      ; bokeh simulation when scattering]]
[2018.12.12-14.31.42:068][  0]LogConfig: Setting CVar [[r.DOF.Scatter.MaxSpriteRatio:0.1         ; only a maximum of 10% of scattered bokeh]]
[2018.12.12-14.31.42:068][  0]LogConfig: Setting CVar [[r.DOF.Recombine.Quality:1                ; cheap slight out of focus]]
[2018.12.12-14.31.42:068][  0]LogConfig: Setting CVar [[r.DOF.Recombine.EnableBokehSettings:0    ; no bokeh simulation on slight out of focus]]
[2018.12.12-14.31.42:068][  0]LogConfig: Setting CVar [[r.DOF.TemporalAAQuality:1                ; more stable temporal accumulation]]
[2018.12.12-14.31.42:068][  0]LogConfig: Setting CVar [[r.DOF.Kernel.MaxForegroundRadius:0.025]]
[2018.12.12-14.31.42:068][  0]LogConfig: Setting CVar [[r.DOF.Kernel.MaxBackgroundRadius:0.025]]
[2018.12.12-14.31.42:068][  0]LogConfig: Applying CVar settings from Section [TextureQuality@3] File [F:/Users/Gavin Johnson/Documents/GitHub/PantheonTest/Pantheon/Saved/Config/Windows/Scalability.ini]
[2018.12.12-14.31.42:068][  0]LogConfig: Setting CVar [[r.Streaming.MipBias:0]]
[2018.12.12-14.31.42:068][  0]LogConfig: Setting CVar [[r.Streaming.AmortizeCPUToGPUCopy:0]]
[2018.12.12-14.31.42:068][  0]LogConfig: Setting CVar [[r.Streaming.MaxNumTexturesToStreamPerFrame:0]]
[2018.12.12-14.31.42:068][  0]LogConfig: Setting CVar [[r.Streaming.Boost:1]]
[2018.12.12-14.31.42:068][  0]LogConfig: Setting CVar [[r.MaxAnisotropy:8]]
[2018.12.12-14.31.42:068][  0]LogConfig: Setting CVar [[r.Streaming.LimitPoolSizeToVRAM:0]]
[2018.12.12-14.31.42:068][  0]LogConfig: Setting CVar [[r.Streaming.PoolSize:1000]]
[2018.12.12-14.31.42:068][  0]LogConfig: Setting CVar [[r.Streaming.MaxEffectiveScreenSize:0]]
[2018.12.12-14.31.42:068][  0]LogConfig: Applying CVar settings from Section [EffectsQuality@3] File [F:/Users/Gavin Johnson/Documents/GitHub/PantheonTest/Pantheon/Saved/Config/Windows/Scalability.ini]
[2018.12.12-14.31.42:068][  0]LogConfig: Setting CVar [[r.TranslucencyLightingVolumeDim:64]]
[2018.12.12-14.31.42:068][  0]LogConfig: Setting CVar [[r.RefractionQuality:2]]
[2018.12.12-14.31.42:068][  0]LogConfig: Setting CVar [[r.SSR.Quality:3]]
[2018.12.12-14.31.42:068][  0]LogConfig: Setting CVar [[r.SceneColorFormat:4]]
[2018.12.12-14.31.42:068][  0]LogConfig: Setting CVar [[r.DetailMode:2]]
[2018.12.12-14.31.42:068][  0]LogConfig: Setting CVar [[r.TranslucencyVolumeBlur:1]]
[2018.12.12-14.31.42:068][  0]LogConfig: Setting CVar [[r.MaterialQualityLevel:1 ; High quality]]
[2018.12.12-14.31.42:068][  0]LogConfig: Setting CVar [[r.SSS.Scale:1]]
[2018.12.12-14.31.42:068][  0]LogConfig: Setting CVar [[r.SSS.SampleSet:2]]
[2018.12.12-14.31.42:068][  0]LogConfig: Setting CVar [[r.SSS.Quality:1]]
[2018.12.12-14.31.42:068][  0]LogConfig: Setting CVar [[r.SSS.HalfRes:1]]
[2018.12.12-14.31.42:068][  0]LogConfig: Setting CVar [[r.EmitterSpawnRateScale:1.0]]
[2018.12.12-14.31.42:068][  0]LogConfig: Setting CVar [[r.ParticleLightQuality:2]]
[2018.12.12-14.31.42:068][  0]LogConfig: Applying CVar settings from Section [FoliageQuality@3] File [F:/Users/Gavin Johnson/Documents/GitHub/PantheonTest/Pantheon/Saved/Config/Windows/Scalability.ini]
[2018.12.12-14.31.42:068][  0]LogConfig: Setting CVar [[foliage.DensityScale:1.0]]
[2018.12.12-14.31.42:068][  0]LogConfig: Setting CVar [[grass.DensityScale:1.0]]
[2018.12.12-14.31.42:068][  0]LogInit: Selected Device Profile: [Windows]
[2018.12.12-14.31.42:069][  0]LogInit: Applying CVar settings loaded from the selected device profile: [Windows]
[2018.12.12-14.31.42:083][  0]LogHAL: Display: Platform has ~ 44 GB [47220961280 / 68719476736 / 44], which maps to Largest [LargestMinGB=32, LargerMinGB=12, DefaultMinGB=8, SmallerMinGB=6, SmallestMinGB=0)
[2018.12.12-14.31.42:083][  0]LogConfig: Setting CVar [[r.Vulkan.UseRealUBs:1]]
[2018.12.12-14.31.42:083][  0]LogInit: Going up to parent DeviceProfile []
[2018.12.12-14.31.42:083][  0]LogConfig: Applying CVar settings from Section [ViewDistanceQuality@3] File [F:/Users/Gavin Johnson/Documents/GitHub/PantheonTest/Pantheon/Saved/Config/Windows/Scalability.ini]
[2018.12.12-14.31.42:083][  0]LogConfig: Setting CVar [[r.SkeletalMeshLODBias:0]]
[2018.12.12-14.31.42:083][  0]LogConfig: Setting CVar [[r.ViewDistanceScale:1.0]]
[2018.12.12-14.31.42:083][  0]LogConfig: Applying CVar settings from Section [AntiAliasingQuality@3] File [F:/Users/Gavin Johnson/Documents/GitHub/PantheonTest/Pantheon/Saved/Config/Windows/Scalability.ini]
[2018.12.12-14.31.42:083][  0]LogConfig: Setting CVar [[r.PostProcessAAQuality:4]]
[2018.12.12-14.31.42:083][  0]LogConfig: Applying CVar settings from Section [ShadowQuality@3] File [F:/Users/Gavin Johnson/Documents/GitHub/PantheonTest/Pantheon/Saved/Config/Windows/Scalability.ini]
[2018.12.12-14.31.42:083][  0]LogConfig: Setting CVar [[r.LightFunctionQuality:1]]
[2018.12.12-14.31.42:083][  0]LogConfig: Setting CVar [[r.ShadowQuality:5]]
[2018.12.12-14.31.42:083][  0]LogConfig: Setting CVar [[r.Shadow.CSM.MaxCascades:10]]
[2018.12.12-14.31.42:083][  0]LogConfig: Setting CVar [[r.Shadow.MaxResolution:2048]]
[2018.12.12-14.31.42:083][  0]LogConfig: Setting CVar [[r.Shadow.MaxCSMResolution:2048]]
[2018.12.12-14.31.42:083][  0]LogConfig: Setting CVar [[r.Shadow.RadiusThreshold:0.01]]
[2018.12.12-14.31.42:083][  0]LogConfig: Setting CVar [[r.Shadow.DistanceScale:1.0]]
[2018.12.12-14.31.42:083][  0]LogConfig: Setting CVar [[r.Shadow.CSM.TransitionScale:1.0]]
[2018.12.12-14.31.42:083][  0]LogConfig: Setting CVar [[r.Shadow.PreShadowResolutionFactor:1.0]]
[2018.12.12-14.31.42:083][  0]LogConfig: Setting CVar [[r.DistanceFieldShadowing:1]]
[2018.12.12-14.31.42:083][  0]LogConfig: Setting CVar [[r.DistanceFieldAO:1]]
[2018.12.12-14.31.42:083][  0]LogConfig: Setting CVar [[r.AOQuality:2]]
[2018.12.12-14.31.42:083][  0]LogConfig: Setting CVar [[r.VolumetricFog:1]]
[2018.12.12-14.31.42:083][  0]LogConfig: Setting CVar [[r.VolumetricFog.GridPixelSize:8]]
[2018.12.12-14.31.42:083][  0]LogConfig: Setting CVar [[r.VolumetricFog.GridSizeZ:128]]
[2018.12.12-14.31.42:083][  0]LogConfig: Setting CVar [[r.VolumetricFog.HistoryMissSupersampleCount:4]]
[2018.12.12-14.31.42:083][  0]LogConfig: Setting CVar [[r.LightMaxDrawDistanceScale:1]]
[2018.12.12-14.31.42:083][  0]LogConfig: Setting CVar [[r.CapsuleShadows:1]]
[2018.12.12-14.31.42:083][  0]LogConfig: Applying CVar settings from Section [PostProcessQuality@3] File [F:/Users/Gavin Johnson/Documents/GitHub/PantheonTest/Pantheon/Saved/Config/Windows/Scalability.ini]
[2018.12.12-14.31.42:083][  0]LogConfig: Setting CVar [[r.MotionBlurQuality:4]]
[2018.12.12-14.31.42:083][  0]LogConfig: Setting CVar [[r.AmbientOcclusionMipLevelFactor:0.4]]
[2018.12.12-14.31.42:083][  0]LogConfig: Setting CVar [[r.AmbientOcclusionMaxQuality:100]]
[2018.12.12-14.31.42:083][  0]LogConfig: Setting CVar [[r.AmbientOcclusionLevels:-1]]
[2018.12.12-14.31.42:083][  0]LogConfig: Setting CVar [[r.AmbientOcclusionRadiusScale:1.0]]
[2018.12.12-14.31.42:083][  0]LogConfig: Setting CVar [[r.DepthOfFieldQuality:2]]
[2018.12.12-14.31.42:083][  0]LogConfig: Setting CVar [[r.RenderTargetPoolMin:400]]
[2018.12.12-14.31.42:083][  0]LogConfig: Setting CVar [[r.LensFlareQuality:2]]
[2018.12.12-14.31.42:083][  0]LogConfig: Setting CVar [[r.SceneColorFringeQuality:1]]
[2018.12.12-14.31.42:083][  0]LogConfig: Setting CVar [[r.EyeAdaptationQuality:2]]
[2018.12.12-14.31.42:083][  0]LogConfig: Setting CVar [[r.BloomQuality:5]]
[2018.12.12-14.31.42:083][  0]LogConfig: Setting CVar [[r.FastBlurThreshold:100]]
[2018.12.12-14.31.42:083][  0]LogConfig: Setting CVar [[r.Upscale.Quality:3]]
[2018.12.12-14.31.42:083][  0]LogConfig: Setting CVar [[r.Tonemapper.GrainQuantization:1]]
[2018.12.12-14.31.42:083][  0]LogConfig: Setting CVar [[r.LightShaftQuality:1]]
[2018.12.12-14.31.42:083][  0]LogConfig: Setting CVar [[r.Filter.SizeScale:1]]
[2018.12.12-14.31.42:083][  0]LogConfig: Setting CVar [[r.Tonemapper.Quality:5]]
[2018.12.12-14.31.42:083][  0]LogConfig: Setting CVar [[r.DOF.Gather.AccumulatorQuality:1        ; higher gathering accumulator quality]]
[2018.12.12-14.31.42:083][  0]LogConfig: Setting CVar [[r.DOF.Gather.PostfilterMethod:1          ; Median3x3 postfilering method]]
[2018.12.12-14.31.42:083][  0]LogConfig: Setting CVar [[r.DOF.Gather.EnableBokehSettings:0       ; no bokeh simulation when gathering]]
[2018.12.12-14.31.42:083][  0]LogConfig: Setting CVar [[r.DOF.Gather.RingCount:4                 ; medium number of samples when gathering]]
[2018.12.12-14.31.42:083][  0]LogConfig: Setting CVar [[r.DOF.Scatter.ForegroundCompositing:1    ; additive foreground scattering]]
[2018.12.12-14.31.42:083][  0]LogConfig: Setting CVar [[r.DOF.Scatter.BackgroundCompositing:2    ; additive background scattering]]
[2018.12.12-14.31.42:083][  0]LogConfig: Setting CVar [[r.DOF.Scatter.EnableBokehSettings:1      ; bokeh simulation when scattering]]
[2018.12.12-14.31.42:083][  0]LogConfig: Setting CVar [[r.DOF.Scatter.MaxSpriteRatio:0.1         ; only a maximum of 10% of scattered bokeh]]
[2018.12.12-14.31.42:083][  0]LogConfig: Setting CVar [[r.DOF.Recombine.Quality:1                ; cheap slight out of focus]]
[2018.12.12-14.31.42:083][  0]LogConfig: Setting CVar [[r.DOF.Recombine.EnableBokehSettings:0    ; no bokeh simulation on slight out of focus]]
[2018.12.12-14.31.42:084][  0]LogConfig: Setting CVar [[r.DOF.TemporalAAQuality:1                ; more stable temporal accumulation]]
[2018.12.12-14.31.42:084][  0]LogConfig: Setting CVar [[r.DOF.Kernel.MaxForegroundRadius:0.025]]
[2018.12.12-14.31.42:084][  0]LogConfig: Setting CVar [[r.DOF.Kernel.MaxBackgroundRadius:0.025]]
[2018.12.12-14.31.42:084][  0]LogConfig: Applying CVar settings from Section [TextureQuality@3] File [F:/Users/Gavin Johnson/Documents/GitHub/PantheonTest/Pantheon/Saved/Config/Windows/Scalability.ini]
[2018.12.12-14.31.42:084][  0]LogConfig: Setting CVar [[r.Streaming.MipBias:0]]
[2018.12.12-14.31.42:084][  0]LogConfig: Setting CVar [[r.Streaming.AmortizeCPUToGPUCopy:0]]
[2018.12.12-14.31.42:084][  0]LogConfig: Setting CVar [[r.Streaming.MaxNumTexturesToStreamPerFrame:0]]
[2018.12.12-14.31.42:084][  0]LogConfig: Setting CVar [[r.Streaming.Boost:1]]
[2018.12.12-14.31.42:084][  0]LogConfig: Setting CVar [[r.MaxAnisotropy:8]]
[2018.12.12-14.31.42:084][  0]LogConfig: Setting CVar [[r.Streaming.LimitPoolSizeToVRAM:0]]
[2018.12.12-14.31.42:084][  0]LogConfig: Setting CVar [[r.Streaming.PoolSize:1000]]
[2018.12.12-14.31.42:084][  0]LogConfig: Setting CVar [[r.Streaming.MaxEffectiveScreenSize:0]]
[2018.12.12-14.31.42:084][  0]LogConfig: Applying CVar settings from Section [EffectsQuality@3] File [F:/Users/Gavin Johnson/Documents/GitHub/PantheonTest/Pantheon/Saved/Config/Windows/Scalability.ini]
[2018.12.12-14.31.42:084][  0]LogConfig: Setting CVar [[r.TranslucencyLightingVolumeDim:64]]
[2018.12.12-14.31.42:084][  0]LogConfig: Setting CVar [[r.RefractionQuality:2]]
[2018.12.12-14.31.42:084][  0]LogConfig: Setting CVar [[r.SSR.Quality:3]]
[2018.12.12-14.31.42:084][  0]LogConfig: Setting CVar [[r.SceneColorFormat:4]]
[2018.12.12-14.31.42:084][  0]LogConfig: Setting CVar [[r.DetailMode:2]]
[2018.12.12-14.31.42:084][  0]LogConfig: Setting CVar [[r.TranslucencyVolumeBlur:1]]
[2018.12.12-14.31.42:084][  0]LogConfig: Setting CVar [[r.MaterialQualityLevel:1 ; High quality]]
[2018.12.12-14.31.42:084][  0]LogConfig: Setting CVar [[r.SSS.Scale:1]]
[2018.12.12-14.31.42:084][  0]LogConfig: Setting CVar [[r.SSS.SampleSet:2]]
[2018.12.12-14.31.42:084][  0]LogConfig: Setting CVar [[r.SSS.Quality:1]]
[2018.12.12-14.31.42:084][  0]LogConfig: Setting CVar [[r.SSS.HalfRes:1]]
[2018.12.12-14.31.42:084][  0]LogConfig: Setting CVar [[r.EmitterSpawnRateScale:1.0]]
[2018.12.12-14.31.42:084][  0]LogConfig: Setting CVar [[r.ParticleLightQuality:2]]
[2018.12.12-14.31.42:084][  0]LogConfig: Applying CVar settings from Section [FoliageQuality@3] File [F:/Users/Gavin Johnson/Documents/GitHub/PantheonTest/Pantheon/Saved/Config/Windows/Scalability.ini]
[2018.12.12-14.31.42:084][  0]LogConfig: Setting CVar [[foliage.DensityScale:1.0]]
[2018.12.12-14.31.42:084][  0]LogConfig: Setting CVar [[grass.DensityScale:1.0]]
[2018.12.12-14.31.42:084][  0]LogConfig: Applying CVar settings from Section [Startup] File [../../../Engine/Config/ConsoleVariables.ini]
[2018.12.12-14.31.42:084][  0]LogConfig: Setting CVar [[net.UseAdaptiveNetUpdateFrequency:0]]
[2018.12.12-14.31.42:084][  0]LogConfig: Applying CVar settings from Section [ConsoleVariables] File [F:/Users/Gavin Johnson/Documents/GitHub/PantheonTest/Pantheon/Saved/Config/Windows/Engine.ini]
[2018.12.12-14.31.42:084][  0]LogInit: Computer: GAVIN-PC
[2018.12.12-14.31.42:084][  0]LogInit: User: Gavin
[2018.12.12-14.31.42:084][  0]LogInit: CPU Page size=4096, Cores=6
[2018.12.12-14.31.42:084][  0]LogInit: High frequency timer resolution =3.126769 MHz
[2018.12.12-14.31.42:085][  0]LogMemory: Memory total: Physical=44.0GB (44GB approx)
[2018.12.12-14.31.42:085][  0]LogMemory: Platform Memory Stats for Windows
[2018.12.12-14.31.42:085][  0]LogMemory: Process Physical Memory: 103.91 MB used, 103.91 MB peak
[2018.12.12-14.31.42:085][  0]LogMemory: Process Virtual Memory: 94.48 MB used, 94.48 MB peak
[2018.12.12-14.31.42:085][  0]LogMemory: Physical Memory: 8645.51 MB used,  36387.91 MB free, 45033.42 MB total
[2018.12.12-14.31.42:085][  0]LogMemory: Virtual Memory: 4668.14 MB used,  134213056.00 MB free, 134217728.00 MB total
[2018.12.12-14.31.42:106][  0]LogInit: Using OS detected language (en-US).
[2018.12.12-14.31.42:106][  0]LogInit: Using OS detected locale (en-GB).
[2018.12.12-14.31.42:107][  0]LogTextLocalizationManager: No specific localization for 'en-US' exists, so the 'en' localization will be used.
[2018.12.12-14.31.42:551][  0]LogStreaming: Display: Took  0.445s to InitEngineTextLocalization.
[2018.12.12-14.31.42:552][  0]LogInit: Setting process to per monitor DPI aware
[2018.12.12-14.31.42:601][  0]LogSlate: New Slate User Created.  User Index 0, Is Virtual User: 0
[2018.12.12-14.31.42:601][  0]LogSlate: Slate User Registered.  User Index 0, Is Virtual User: 0
[2018.12.12-14.31.42:826][  0]LogHMD: Failed to initialize OpenVR with code 105
[2018.12.12-14.31.42:826][  0]LogD3D11RHI: D3D11 adapters:
[2018.12.12-14.31.42:876][  0]LogD3D11RHI:    0. 'NVIDIA GeForce GT 710' (Feature Level 11_0)
[2018.12.12-14.31.42:876][  0]LogD3D11RHI:       2007/0/22516 MB DedicatedVideo/DedicatedSystem/SharedSystem, Outputs:3, VendorId:0x10de
[2018.12.12-14.31.42:878][  0]LogD3D11RHI:    1. 'Microsoft Basic Render Driver' (Feature Level 11_0)
[2018.12.12-14.31.42:878][  0]LogD3D11RHI:       0/0/22516 MB DedicatedVideo/DedicatedSystem/SharedSystem, Outputs:0, VendorId:0x1414
[2018.12.12-14.31.42:878][  0]LogD3D11RHI: Chosen D3D11 Adapter: 0
[2018.12.12-14.31.42:889][  0]LogD3D11RHI: Creating new Direct3DDevice
[2018.12.12-14.31.42:889][  0]LogD3D11RHI:     GPU DeviceId: 0x128b (for the marketing name, search the web for "GPU Device Id")
[2018.12.12-14.31.42:889][  0]LogWindows: EnumDisplayDevices:
[2018.12.12-14.31.42:889][  0]LogWindows:    0. 'NVIDIA GeForce GT 710' (P:1 D:1)
[2018.12.12-14.31.42:889][  0]LogWindows:    1. 'NVIDIA GeForce GT 710' (P:0 D:1)
[2018.12.12-14.31.42:889][  0]LogWindows:    2. 'NVIDIA GeForce GT 710' (P:0 D:1)
[2018.12.12-14.31.42:890][  0]LogWindows:    3. 'BB Capture Driver' (P:0 D:0)
[2018.12.12-14.31.42:890][  0]LogWindows: DebugString: GetVideoDriverDetailsInvalid PrimaryIsNotTheChoosenAdapter FoundDriverCount:3 
[2018.12.12-14.31.42:890][  0]LogD3D11RHI:     Adapter Name: NVIDIA GeForce GT 710
[2018.12.12-14.31.42:890][  0]LogD3D11RHI:   Driver Version: 390.77 (internal:23.21.13.9077, unified:390.77)
[2018.12.12-14.31.42:890][  0]LogD3D11RHI:      Driver Date: 1-23-2018
[2018.12.12-14.31.42:890][  0]LogRHI: Texture pool is 1404 MB (70% of 2007 MB)
[2018.12.12-14.31.42:921][  0]LogD3D11RHI: Async texture creation enabled
[2018.12.12-14.31.42:939][  0]LogD3D11RHI: GPU Timing Frequency: 1000.000000 (Debug: 2 2)
[2018.12.12-14.31.43:308][  0]LogTemp: Display: Loaded TP AllDesktopTargetPlatform
[2018.12.12-14.31.43:323][  0]LogTemp: Display: Loaded TP MacClientTargetPlatform
[2018.12.12-14.31.43:339][  0]LogTemp: Display: Loaded TP MacNoEditorTargetPlatform
[2018.12.12-14.31.43:357][  0]LogTemp: Display: Loaded TP MacServerTargetPlatform
[2018.12.12-14.31.43:372][  0]LogTemp: Display: Loaded TP MacTargetPlatform
[2018.12.12-14.31.43:388][  0]LogTemp: Display: Loaded TP WindowsClientTargetPlatform
[2018.12.12-14.31.43:402][  0]LogTemp: Display: Loaded TP WindowsNoEditorTargetPlatform
[2018.12.12-14.31.43:418][  0]LogTemp: Display: Loaded TP WindowsServerTargetPlatform
[2018.12.12-14.31.43:424][  0]LogTemp: Display: Loaded TP WindowsTargetPlatform
[2018.12.12-14.31.43:506][  0]LogTemp: Display: Loaded TP AndroidTargetPlatform
[2018.12.12-14.31.43:506][  0]LogTemp: Display: Loaded TP AndroidTargetPlatform
[2018.12.12-14.31.43:506][  0]LogTemp: Display: Loaded TP AndroidTargetPlatform
[2018.12.12-14.31.43:506][  0]LogTemp: Display: Loaded TP AndroidTargetPlatform
[2018.12.12-14.31.43:506][  0]LogTemp: Display: Loaded TP AndroidTargetPlatform
[2018.12.12-14.31.43:506][  0]LogTemp: Display: Loaded TP AndroidTargetPlatform
[2018.12.12-14.31.43:506][  0]LogTemp: Display: Loaded TP AndroidTargetPlatform
[2018.12.12-14.31.43:506][  0]LogTemp: Display: Loaded TP AndroidTargetPlatform
[2018.12.12-14.31.43:506][  0]LogTemp: Display: Loaded TP AndroidTargetPlatform
[2018.12.12-14.31.43:506][  0]LogTemp: Display: Loaded TP AndroidTargetPlatform
[2018.12.12-14.31.43:506][  0]LogTemp: Display: Loaded TP AndroidTargetPlatform
[2018.12.12-14.31.43:506][  0]LogTemp: Display: Loaded TP AndroidTargetPlatform
[2018.12.12-14.31.43:506][  0]LogTemp: Display: Loaded TP AndroidTargetPlatform
[2018.12.12-14.31.43:506][  0]LogTemp: Display: Loaded TP AndroidTargetPlatform
[2018.12.12-14.31.43:506][  0]LogTemp: Display: Loaded TP AndroidTargetPlatform
[2018.12.12-14.31.43:506][  0]LogTemp: Display: Loaded TP AndroidTargetPlatform
[2018.12.12-14.31.43:506][  0]LogTemp: Display: Loaded TP AndroidTargetPlatform
[2018.12.12-14.31.43:507][  0]LogTemp: Display: Loaded TP AndroidTargetPlatform
[2018.12.12-14.31.43:508][  0]LogTemp: Display: Loaded TP HTML5TargetPlatform
[2018.12.12-14.31.43:571][  0]LogTemp: Display: Loaded TP IOSTargetPlatform
[2018.12.12-14.31.43:571][  0]LogTemp: Display: Loaded TP IOSTargetPlatform
[2018.12.12-14.31.43:597][  0]LogTemp: Display: Loaded TP TVOSTargetPlatform
[2018.12.12-14.31.43:597][  0]LogTemp: Display: Loaded TP TVOSTargetPlatform
[2018.12.12-14.31.43:611][  0]LogTemp: Display: Loaded TP LinuxClientTargetPlatform
[2018.12.12-14.31.43:625][  0]LogTemp: Display: Loaded TP LinuxNoEditorTargetPlatform
[2018.12.12-14.31.43:639][  0]LogTemp: Display: Loaded TP LinuxServerTargetPlatform
[2018.12.12-14.31.43:653][  0]LogTemp: Display: Loaded TP LinuxTargetPlatform
[2018.12.12-14.31.43:705][  0]LogTemp: Display: Loaded TP LuminTargetPlatform
[2018.12.12-14.31.43:705][  0]LogTemp: Display: Loaded TP LuminTargetPlatform
[2018.12.12-14.31.43:705][  0]LogTargetPlatformManager: Display: Building Assets For Windows
[2018.12.12-14.31.43:759][  0]LogShaderCompilers: Guid format shader working directory is -28 characters bigger than the processId version (../../../../../Users/Gavin Johnson/Documents/GitHub/PantheonTest/Pantheon/Intermediate/Shaders/WorkingDirectory/38696/).
[2018.12.12-14.31.43:759][  0]LogShaderCompilers: Cleaned the shader compiler working directory 'C:/Users/Gavin/AppData/Local/Temp/UnrealShaderWorkingDir/855630824C5658C5E322C5A55608DD5A/'.
[2018.12.12-14.31.43:761][  0]LogXGEController: Cleaning working directory: C:/Users/Gavin/AppData/Local/Temp/UnrealXGEWorkingDir/
[2018.12.12-14.31.43:761][  0]LogXGEController: Cannot use XGE Controller as Incredibuild is not installed on this machine.
[2018.12.12-14.31.43:761][  0]LogShaderCompilers: Cannot use XGE Shader Compiler as Incredibuild is not installed on this machine.
[2018.12.12-14.31.43:761][  0]LogShaderCompilers: Display: Using Local Shader Compiler.
[2018.12.12-14.31.44:394][  0]LogDerivedDataCache: Display: Max Cache Size: 512 MB
[2018.12.12-14.31.44:452][  0]LogDerivedDataCache: Loaded boot cache 0.06s 71MB C:/Users/Gavin/AppData/Local/UnrealEngine/4.21/DerivedDataCache/Boot.ddc.
[2018.12.12-14.31.44:452][  0]LogDerivedDataCache: Display: Loaded Boot cache: C:/Users/Gavin/AppData/Local/UnrealEngine/4.21/DerivedDataCache/Boot.ddc
[2018.12.12-14.31.44:452][  0]LogDerivedDataCache: FDerivedDataBackendGraph:  Pak pak cache file ../../../../../Users/Gavin Johnson/Documents/GitHub/PantheonTest/Pantheon/DerivedDataCache/DDC.ddp not found, will not use a pak cache.
[2018.12.12-14.31.44:452][  0]LogDerivedDataCache: Unable to find inner node Pak for hierarchical cache Hierarchy.
[2018.12.12-14.31.44:452][  0]LogDerivedDataCache: FDerivedDataBackendGraph:  CompressedPak pak cache file ../../../../../Users/Gavin Johnson/Documents/GitHub/PantheonTest/Pantheon/DerivedDataCache/Compressed.ddp not found, will not use a pak cache.
[2018.12.12-14.31.44:452][  0]LogDerivedDataCache: Unable to find inner node CompressedPak for hierarchical cache Hierarchy.
[2018.12.12-14.31.44:467][  0]LogDerivedDataCache: Display: Pak cache opened for reading ../../../Engine/DerivedDataCache/Compressed.ddp.
[2018.12.12-14.31.44:467][  0]LogDerivedDataCache: FDerivedDataBackendGraph:  EnterprisePak pak cache file ../../../Enterprise/DerivedDataCache/Compressed.ddp not found, will not use a pak cache.
[2018.12.12-14.31.44:467][  0]LogDerivedDataCache: Unable to find inner node EnterprisePak for hierarchical cache Hierarchy.
[2018.12.12-14.31.44:480][  0]LogDerivedDataCache: Using Local data cache path C:/Users/Gavin/AppData/Local/UnrealEngine/Common/DerivedDataCache: Writable
[2018.12.12-14.31.44:480][  0]LogDerivedDataCache: Shared data cache path not found in *engine.ini, will not use an Shared cache.
[2018.12.12-14.31.44:480][  0]LogDerivedDataCache: Unable to find inner node Shared for hierarchical cache Hierarchy.
[2018.12.12-14.31.44:508][  0]LogMaterial: Verifying Global Shaders for PCD3D_SM5
[2018.12.12-14.31.44:509][  0]LogSlate: Using FreeType 2.6.0
[2018.12.12-14.31.44:510][  0]LogSlate: SlateFontServices - WITH_FREETYPE: 1, WITH_HARFBUZZ: 1
[2018.12.12-14.31.44:615][  0]LogAssetRegistry: FAssetRegistry took 0.0366 seconds to start up
[2018.12.12-14.31.45:024][  0]LogInit: Selected Device Profile: [Windows]
[2018.12.12-14.31.45:206][  0]LogSimplygon: Simplygon DLL not present - disabling.
[2018.12.12-14.31.45:210][  0]LogMeshReduction: Using SimplygonSwarm for distributed automatic mesh merging
[2018.12.12-14.31.45:210][  0]LogMeshReduction: Using ProxyLODMeshReduction for automatic mesh merging
[2018.12.12-14.31.45:210][  0]LogMeshReduction: Using QuadricMeshReduction for automatic static mesh reduction
[2018.12.12-14.31.45:210][  0]LogMeshReduction: No automatic skeletal mesh reduction module available
[2018.12.12-14.31.45:224][  0]LogNetVersion: Pantheon 1.0.0, NetCL: 4541578, EngineNetVer: 5, GameNetVer: 0 (Checksum: 1643543952)
[2018.12.12-14.31.45:797][  0]LogPackageLocalizationCache: Processed 11 localized package path(s) for 2 prioritized culture(s) in 0.112345 seconds
[2018.12.12-14.31.45:805][  0]LogUObjectArray: 39775 objects as part of root set at end of initial load.
[2018.12.12-14.31.45:805][  0]LogUObjectAllocator: 6914664 out of 0 bytes used by permanent object pool.
[2018.12.12-14.31.45:805][  0]LogUObjectArray: CloseDisregardForGC: 0/0 objects in disregard for GC pool
[2018.12.12-14.31.46:745][  0]LogTcpMessaging: Initializing TcpMessaging bridge
[2018.12.12-14.31.46:758][  0]LogUdpMessaging: Initializing bridge on interface 0.0.0.0:0 to multicast group 230.0.0.1:6666.
[2018.12.12-14.31.47:508][  0]SourceControl: Source control is disabled
[2018.12.12-14.31.47:508][  0]SourceControl: Source control is disabled
[2018.12.12-14.31.47:510][  0]SourceControl: Source control is disabled
[2018.12.12-14.31.47:510][  0]SourceControl: Source control is disabled
[2018.12.12-14.31.47:676][  0]LogAndroidPermission: UAndroidPermissionCallbackProxy::GetInstance
[2018.12.12-14.31.47:810][  0]LogOcInput: OculusInput pre-init called
[2018.12.12-14.31.47:954][  0]LogEngine: Initializing Engine...
[2018.12.12-14.31.47:957][  0]LogHMD: Failed to initialize OpenVR with code 105
[2018.12.12-14.31.47:959][  0]LogStats: UGameplayTagsManager::ConstructGameplayTagTree: ImportINI prefixes -  0.000 s
[2018.12.12-14.31.47:959][  0]LogStats: UGameplayTagsManager::ConstructGameplayTagTree: Construct from data asset -  0.000 s
[2018.12.12-14.31.47:959][  0]LogStats: UGameplayTagsManager::ConstructGameplayTagTree: ImportINI -  0.000 s
[2018.12.12-14.31.47:959][  0]LogStats: UGameplayTagsManager::ConstructGameplayTagTree: GameplayTagTreeChangedEvent.Broadcast -  0.000 s
[2018.12.12-14.31.48:233][  0]LogInit: Initializing FReadOnlyCVARCache
[2018.12.12-14.31.48:247][  0]LogAIModule: Creating AISystem for world Untitled
[2018.12.12-14.31.48:284][  0]LogInit: XAudio2 using 'Speakers (Realtek High Definition Audio)' : 2 channels at 44.1 kHz using 32 bits per sample (channel mask 0x3)
[2018.12.12-14.31.48:306][  0]LogInit: FAudioDevice initialized.
[2018.12.12-14.31.48:306][  0]LogNetVersion: Set ProjectVersion to 1.0.0.0. Version Checksum will be recalculated on next use.
[2018.12.12-14.31.48:400][  0]LogDerivedDataCache: Saved boot cache 0.09s 71MB C:/Users/Gavin/AppData/Local/UnrealEngine/4.21/DerivedDataCache/Boot.ddc.
[2018.12.12-14.31.48:418][  0]LogInit: Texture streaming: Enabled
[2018.12.12-14.31.48:436][  0]LogEngineSessionManager: EngineSessionManager initialized
[2018.12.12-14.31.48:454][  0]LogInit: Transaction tracking system initialized
[2018.12.12-14.31.48:475][  0]BlueprintLog: New page: Editor Load
[2018.12.12-14.31.48:548][  0]LocalizationService: Localization service is disabled
[2018.12.12-14.31.49:054][  0]LogFileCache: Scanning file cache for directory 'F:/Users/Gavin Johnson/Documents/GitHub/PantheonTest/Pantheon/Content/' took 0.01s
[2018.12.12-14.31.49:054][  0]LogCook: Display: Max memory allowance for cook 16384mb min free memory 0mb
[2018.12.12-14.31.49:054][  0]LogCook: Display: Mobile HDR setting 1
[2018.12.12-14.31.49:054][  0]LogGameplayTags: Display: UGameplayTagsManager::DoneAddingNativeTags. DelegateIsBound: 0
[2018.12.12-14.31.49:054][  0]LogStats: UGameplayTagsManager::ConstructGameplayTagTree: ImportINI prefixes -  0.000 s
[2018.12.12-14.31.49:054][  0]LogStats: UGameplayTagsManager::ConstructGameplayTagTree: Construct from data asset -  0.000 s
[2018.12.12-14.31.49:054][  0]LogStats: UGameplayTagsManager::ConstructGameplayTagTree: ImportINI -  0.000 s
[2018.12.12-14.31.49:054][  0]LogStats: UGameplayTagsManager::ConstructGameplayTagTree: GameplayTagTreeChangedEvent.Broadcast -  0.000 s
[2018.12.12-14.31.49:187][  0]SourceControl: Source control is disabled
[2018.12.12-14.31.49:188][  0]Cmd: MAP LOAD FILE="../../../../../Users/Gavin Johnson/Documents/GitHub/PantheonTest/Pantheon/Content/ThirdPersonBP/Maps/ThirdPersonExampleMap.umap" TEMPLATE=0 SHOWPROGRESS=1 FEATURELEVEL=3
[2018.12.12-14.31.49:188][  0]LightingResults: New page: Lighting Build
[2018.12.12-14.31.49:191][  0]MapCheck: New page: Map Check
[2018.12.12-14.31.49:191][  0]LightingResults: New page: Lighting Build
[2018.12.12-14.31.49:686][  0]LogAIModule: Creating AISystem for world ThirdPersonExampleMap
[2018.12.12-14.31.49:725][  0]LogEditorServer: Finished looking for orphan Actors (0.000 secs)
[2018.12.12-14.31.49:753][  0]Cmd: MAP CHECKDEP NOCLEARLOG
[2018.12.12-14.31.49:753][  0]MapCheck: Map check complete: 0 Error(s), 0 Warning(s), took 0.15ms to complete.
[2018.12.12-14.31.49:753][  0]LogFileHelpers: Loading map 'ThirdPersonExampleMap' took 0.566
[2018.12.12-14.31.49:853][  0]LogSlate: Updating window title bar state: overlay mode, drag disabled, window buttons hidden, title bar hidden
[2018.12.12-14.31.49:864][  0]LogSlate: Updating window title bar state: overlay mode, drag disabled, window buttons hidden, title bar hidden
[2018.12.12-14.31.49:876][  0]LogSlate: Updating window title bar state: overlay mode, drag disabled, window buttons hidden, title bar hidden
[2018.12.12-14.31.49:888][  0]LogSlate: Updating window title bar state: overlay mode, drag disabled, window buttons hidden, title bar hidden
[2018.12.12-14.31.49:894][  0]LogCollectionManager: Loaded 0 collections in 0.001422 seconds
[2018.12.12-14.31.49:923][  0]LogFileCache: Scanning file cache for directory 'F:/Users/Gavin Johnson/Documents/GitHub/PantheonTest/Pantheon/Saved/Collections/' took 0.01s
[2018.12.12-14.31.49:923][  0]LogFileCache: Scanning file cache for directory 'F:/Users/Gavin Johnson/Documents/GitHub/PantheonTest/Pantheon/Content/Developers/Gavin/Collections/' took 0.00s
[2018.12.12-14.31.49:923][  0]LogFileCache: Scanning file cache for directory 'F:/Users/Gavin Johnson/Documents/GitHub/PantheonTest/Pantheon/Content/Collections/' took 0.01s
[2018.12.12-14.31.49:923][  0]LogCollectionManager: Rebuilt the GUID cache for 0 collections in 0.000000 seconds
[2018.12.12-14.31.49:934][  0]LogContentBrowser: Native class hierarchy populated in 0.0103 seconds. Added 2651 classes and 620 folders.
[2018.12.12-14.31.49:940][  0]LogContentBrowser: Native class hierarchy updated for 'WidgetCarousel' in 0.0003 seconds. Added 0 classes and 0 folders.
[2018.12.12-14.31.49:942][  0]LogPakFile: Registered encryption key '00000000000000000000000000000000': 0 pak files mounted, 0 remain pending
[2018.12.12-14.31.49:942][  0]LogPakFile: Registered encryption key '00000000000000000000000000000000': 0 pak files mounted, 0 remain pending
[2018.12.12-14.31.49:943][  0]LogPakFile: Registered encryption key '00000000000000000000000000000000': 0 pak files mounted, 0 remain pending
[2018.12.12-14.31.49:943][  0]LogPakFile: Registered encryption key '00000000000000000000000000000000': 0 pak files mounted, 0 remain pending
[2018.12.12-14.31.49:944][  0]LogPakFile: Registered encryption key '00000000000000000000000000000000': 0 pak files mounted, 0 remain pending
[2018.12.12-14.31.49:944][  0]LogPakFile: Registered encryption key '00000000000000000000000000000000': 0 pak files mounted, 0 remain pending
[2018.12.12-14.31.49:945][  0]LogPakFile: Registered encryption key '00000000000000000000000000000000': 0 pak files mounted, 0 remain pending
[2018.12.12-14.31.49:945][  0]LogPakFile: Registered encryption key '00000000000000000000000000000000': 0 pak files mounted, 0 remain pending
[2018.12.12-14.31.49:946][  0]LogPakFile: Registered encryption key '00000000000000000000000000000000': 0 pak files mounted, 0 remain pending
[2018.12.12-14.31.49:946][  0]LogPakFile: Registered encryption key '00000000000000000000000000000000': 0 pak files mounted, 0 remain pending
[2018.12.12-14.31.49:947][  0]LogPakFile: Registered encryption key '00000000000000000000000000000000': 0 pak files mounted, 0 remain pending
[2018.12.12-14.31.49:947][  0]LogPakFile: Registered encryption key '00000000000000000000000000000000': 0 pak files mounted, 0 remain pending
[2018.12.12-14.31.49:948][  0]LogPakFile: Registered encryption key '00000000000000000000000000000000': 0 pak files mounted, 0 remain pending
[2018.12.12-14.31.49:948][  0]LogPakFile: Registered encryption key '00000000000000000000000000000000': 0 pak files mounted, 0 remain pending
[2018.12.12-14.31.49:949][  0]LogPakFile: Registered encryption key '00000000000000000000000000000000': 0 pak files mounted, 0 remain pending
[2018.12.12-14.31.49:949][  0]LogPakFile: Registered encryption key '00000000000000000000000000000000': 0 pak files mounted, 0 remain pending
[2018.12.12-14.31.49:950][  0]LogPakFile: Registered encryption key '00000000000000000000000000000000': 0 pak files mounted, 0 remain pending
[2018.12.12-14.31.49:950][  0]LogPakFile: Registered encryption key '00000000000000000000000000000000': 0 pak files mounted, 0 remain pending
[2018.12.12-14.31.49:951][  0]LogPakFile: Registered encryption key '00000000000000000000000000000000': 0 pak files mounted, 0 remain pending
[2018.12.12-14.31.49:951][  0]LogPakFile: Registered encryption key '00000000000000000000000000000000': 0 pak files mounted, 0 remain pending
[2018.12.12-14.31.49:952][  0]LogPakFile: Registered encryption key '00000000000000000000000000000000': 0 pak files mounted, 0 remain pending
[2018.12.12-14.31.49:952][  0]LogPakFile: Registered encryption key '00000000000000000000000000000000': 0 pak files mounted, 0 remain pending
[2018.12.12-14.31.49:953][  0]LogPakFile: Registered encryption key '00000000000000000000000000000000': 0 pak files mounted, 0 remain pending
[2018.12.12-14.31.49:953][  0]LogPakFile: Registered encryption key '00000000000000000000000000000000': 0 pak files mounted, 0 remain pending
[2018.12.12-14.31.49:954][  0]LogPakFile: Registered encryption key '00000000000000000000000000000000': 0 pak files mounted, 0 remain pending
[2018.12.12-14.31.49:954][  0]LogPakFile: Registered encryption key '00000000000000000000000000000000': 0 pak files mounted, 0 remain pending
[2018.12.12-14.31.49:989][  0]LogContentBrowser: Native class hierarchy updated for 'AddContentDialog' in 0.0003 seconds. Added 0 classes and 0 folders.
[2018.12.12-14.31.49:996][  0]LogContentBrowser: Native class hierarchy updated for 'SceneOutliner' in 0.0003 seconds. Added 1 classes and 2 folders.
[2018.12.12-14.31.50:084][  0]LogSlate: Took 0.000167 seconds to synchronously load lazily loaded font '../../../Engine/Content/Slate/Fonts/Roboto-Regular.ttf' (155K)
[2018.12.12-14.31.50:086][  0]LogSlate: Took 0.000150 seconds to synchronously load lazily loaded font '../../../Engine/Content/Slate/Fonts/Roboto-Bold.ttf' (160K)
[2018.12.12-14.31.50:093][  0]LogSlate: Took 0.000155 seconds to synchronously load lazily loaded font '../../../Engine/Content/Editor/Slate/Fonts/FontAwesome.ttf' (139K)
[2018.12.12-14.31.50:193][  0]LogRenderer: Reallocating scene render targets to support 1172x576 Format 10 NumSamples 1 (Frame:1).
[2018.12.12-14.31.50:358][  0]LogContentBrowser: Native class hierarchy updated for 'HierarchicalLODOutliner' in 0.0003 seconds. Added 0 classes and 0 folders.
[2018.12.12-14.31.50:358][  0]LogLoad: (Engine Initialization) Total time: 10.25 seconds
[2018.12.12-14.31.50:358][  0]LogLoad: (Engine Initialization) Total Blueprint compile time: 0.00 seconds
[2018.12.12-14.31.50:368][  0]LogWindowsTextInputMethodSystem: Display: IME system now deactivated.
[2018.12.12-14.31.50:415][  0]LogContentStreaming: Texture pool size now 1000 MB
[2018.12.12-14.31.50:443][  0]LogSlate: Took 0.000152 seconds to synchronously load lazily loaded font '../../../Engine/Content/Slate/Fonts/Roboto-Light.ttf' (167K)
[2018.12.12-14.31.50:840][  2]LogAssetRegistry: Asset discovery search completed in 6.2480 seconds
[2018.12.12-14.31.50:842][  2]LogCollectionManager: Rebuilt the object cache for 0 collections in 0.000000 seconds (found 0 objects)
[2018.12.12-14.31.50:842][  2]LogCollectionManager: Fixed up redirectors for 0 collections in 0.000058 seconds (updated 0 objects)
[2018.12.12-14.31.51:729][ 15]LogSlate: Took 0.000200 seconds to synchronously load lazily loaded font '../../../Engine/Content/Slate/Fonts/Roboto-Light.ttf' (167K)
[2018.12.12-14.32.36:106][148]LogSlate: FSceneViewport::OnFocusLost() reason 0
[2018.12.12-14.32.36:420][148]LogAssetEditorManager: Opening Asset editor for Blueprint /Game/MainFunctions/PantheonGameMode.PantheonGameMode
[2018.12.12-14.32.37:007][148]LogContentBrowser: Native class hierarchy updated for 'BlueprintGraph' in 0.0007 seconds. Added 117 classes and 0 folders.
[2018.12.12-14.32.38:131][148]LogSlate: Took 0.000250 seconds to synchronously load lazily loaded font '../../../Engine/Content/Slate/Fonts/Roboto-BoldCondensed.ttf' (158K)
[2018.12.12-14.32.40:373][208]LogSlate: FSceneViewport::OnFocusLost() reason 2
[2018.12.12-14.32.40:384][208]LogSlate: Window 'PantheonGameMode' being destroyed
[2018.12.12-14.51.13:426][142]LogFileHelpers: Editor autosave (incl. sublevels) for '/Game/ThirdPersonBP/Maps/ThirdPersonExampleMap' took 0.034
[2018.12.12-14.51.13:428][142]OBJ SavePackage: Generating thumbnails for [0] asset(s) in package [/Game/MainFunctions/PantheonGameMode] ([1] browsable assets)...
[2018.12.12-14.51.13:428][142]OBJ SavePackage: Finished generating thumbnails for package [/Game/MainFunctions/PantheonGameMode]
[2018.12.12-14.51.13:448][142]LogSavePackage: Moving '../../../../../Users/Gavin Johnson/Documents/GitHub/PantheonTest/Pantheon/Saved/PantheonGameMode_Auto19607C42B438A8A994DD9AAA6F8933BBE.tmp' to '../../../../../Users/Gavin Johnson/Documents/GitHub/PantheonTest/Pantheon/Saved/Autosaves/Game/MainFunctions/PantheonGameMode_Auto1.uasset'
[2018.12.12-14.51.13:449][142]LogFileHelpers: Auto-saving content packages took 0.022
[2018.12.12-14.56.05:492][ 23]LogSlate: Window 'PantheonGameMode*' being destroyed
[2018.12.12-14.56.05:514][ 23]LogSlate: Window 'PantheonGameMode*' being destroyed
[2018.12.12-14.56.36:277][451]LogSlate: FSceneViewport::OnFocusLost() reason 0
[2018.12.12-14.56.42:240][574]LogAssetEditorManager: Opening Asset editor for World /Game/ThirdPersonBP/Maps/ThirdPersonExampleMap.ThirdPersonExampleMap
[2018.12.12-14.56.43:724][574]LogSlate: Window 'Save Content' being destroyed
[2018.12.12-14.56.43:751][574]LogSavePackage: Moving '../../../../../Users/Gavin Johnson/Documents/GitHub/PantheonTest/Pantheon/Saved/PantheonGameMode4317E54B4830A72E02ECAC940338A67A.tmp' to '../../../../../Users/Gavin Johnson/Documents/GitHub/PantheonTest/Pantheon/Content/MainFunctions/PantheonGameMode.uasset'
[2018.12.12-14.56.43:759][574]Cmd: MAP LOAD FILE="../../../../../Users/Gavin Johnson/Documents/GitHub/PantheonTest/Pantheon/Content/ThirdPersonBP/Maps/ThirdPersonExampleMap.umap" TEMPLATE=0 SHOWPROGRESS=1 FEATURELEVEL=3
[2018.12.12-14.56.43:759][574]LightingResults: New page: Lighting Build
[2018.12.12-14.56.43:760][574]LoadErrors: New page: Loading map: ThirdPersonExampleMap.umap
[2018.12.12-14.56.43:761][574]MapCheck: New page: Map Check
[2018.12.12-14.56.43:761][574]LightingResults: New page: Lighting Build
[2018.12.12-14.56.43:877][574]LogAIModule: Creating AISystem for world ThirdPersonExampleMap
[2018.12.12-14.56.44:021][574]LogEditorServer: Finished looking for orphan Actors (0.000 secs)
[2018.12.12-14.56.44:077][574]Cmd: MAP CHECKDEP NOCLEARLOG
[2018.12.12-14.56.44:077][574]MapCheck: Map check complete: 0 Error(s), 0 Warning(s), took 0.133ms to complete.
[2018.12.12-14.56.44:078][574]LogFileHelpers: Loading map 'ThirdPersonExampleMap' took 0.321
[2018.12.12-14.56.46:290][622]LogAIModule: Creating AISystem for world Island
[2018.12.12-14.56.47:900][622]LogSlate: Window 'Delete Assets' being destroyed
[2018.12.12-14.56.50:796][679]LogAssetEditorManager: Opening Asset editor for World /Game/ThirdPersonBP/Maps/ThirdPersonExampleMap.ThirdPersonExampleMap
[2018.12.12-14.56.50:825][679]Cmd: MAP LOAD FILE="../../../../../Users/Gavin Johnson/Documents/GitHub/PantheonTest/Pantheon/Content/ThirdPersonBP/Maps/ThirdPersonExampleMap.umap" TEMPLATE=0 SHOWPROGRESS=1 FEATURELEVEL=3
[2018.12.12-14.56.50:825][679]LightingResults: New page: Lighting Build
[2018.12.12-14.56.50:826][679]LoadErrors: New page: Loading map: ThirdPersonExampleMap.umap
[2018.12.12-14.56.50:845][679]MapCheck: New page: Map Check
[2018.12.12-14.56.50:845][679]LightingResults: New page: Lighting Build
[2018.12.12-14.56.50:967][679]LogAIModule: Creating AISystem for world ThirdPersonExampleMap
[2018.12.12-14.56.51:108][679]LogEditorServer: Finished looking for orphan Actors (0.000 secs)
[2018.12.12-14.56.51:168][679]Cmd: MAP CHECKDEP NOCLEARLOG
[2018.12.12-14.56.51:168][679]MapCheck: Map check complete: 0 Error(s), 0 Warning(s), took 0.148ms to complete.
[2018.12.12-14.56.51:169][679]LogFileHelpers: Loading map 'ThirdPersonExampleMap' took 0.345
[2018.12.12-14.56.54:217][739]LogEditorViewport: Clicking on Actor (LMB): Landscape (Landscape)
[2018.12.12-14.56.59:103][809]LogSlate: FSceneViewport::OnFocusLost() reason 0
[2018.12.12-14.57.06:890][959]LogSlate: FSceneViewport::OnFocusLost() reason 2
[2018.12.12-14.57.10:841][ 47]LogSlate: FSceneViewport::OnFocusLost() reason 0
[2018.12.12-14.57.11:899][ 73]LogTemp: Repeating last play command: Selected Viewport
[2018.12.12-14.57.11:914][ 73]LogBlueprintUserMessages: Early PlayInEditor Detection: Level '/Game/ThirdPersonBP/Maps/ThirdPersonExampleMap.ThirdPersonExampleMap:PersistentLevel' has LevelScriptBlueprint '/Game/ThirdPersonBP/Maps/ThirdPersonExampleMap.ThirdPersonExampleMap:PersistentLevel.ThirdPersonExampleMap' with GeneratedClass '/Game/ThirdPersonBP/Maps/ThirdPersonExampleMap.ThirdPersonExampleMap_C' with ClassGeneratedBy '/Game/ThirdPersonBP/Maps/ThirdPersonExampleMap.ThirdPersonExampleMap:PersistentLevel.ThirdPersonExampleMap'
[2018.12.12-14.57.11:914][ 73]BlueprintLog: New page: Pre-Play auto-recompile
[2018.12.12-14.57.11:916][ 73]LogPlayLevel: [PlayLevel] Compiling PantheonGameMode before play...
[2018.12.12-14.57.11:947][ 73]LogPlayLevel: PlayLevel: Blueprint regeneration took 33 ms (1 blueprints)
[2018.12.12-14.57.11:948][ 73]PIE: New page: PIE session: ThirdPersonExampleMap (12 Dec 2018 14:57:11)
[2018.12.12-14.57.11:961][ 73]LogPlayLevel: Creating play world package: /Game/ThirdPersonBP/Maps/UEDPIE_0_ThirdPersonExampleMap
[2018.12.12-14.57.12:014][ 73]LogPlayLevel: PIE: StaticDuplicateObject took: (0.052598s)
[2018.12.12-14.57.12:015][ 73]LogAIModule: Creating AISystem for world ThirdPersonExampleMap
[2018.12.12-14.57.12:015][ 73]LogPlayLevel: PIE: World Init took: (0.001076s)
[2018.12.12-14.57.12:015][ 73]LogPlayLevel: PIE: Created PIE world by copying editor world from /Game/ThirdPersonBP/Maps/ThirdPersonExampleMap.ThirdPersonExampleMap to /Game/ThirdPersonBP/Maps/UEDPIE_0_ThirdPersonExampleMap.ThirdPersonExampleMap (0.054126s)
[2018.12.12-14.57.12:074][ 73]LogInit: XAudio2 using 'Speakers (Realtek High Definition Audio)' : 2 channels at 44.1 kHz using 32 bits per sample (channel mask 0x3)
[2018.12.12-14.57.12:091][ 73]LogInit: FAudioDevice initialized.
[2018.12.12-14.57.12:131][ 73]LogLoad: Game class is 'PantheonGameMode_C'
[2018.12.12-14.57.12:136][ 73]LogWorld: Bringing World /Game/ThirdPersonBP/Maps/UEDPIE_0_ThirdPersonExampleMap.ThirdPersonExampleMap up for play (max tick rate 0) at 2018.12.12-14.57.12
[2018.12.12-14.57.12:137][ 73]LogWorld: Bringing up level for play took: 0.004577
[2018.12.12-14.57.12:160][ 73]LogContentBrowser: Native class hierarchy updated for 'MovieSceneCapture' in 0.0004 seconds. Added 20 classes and 0 folders.
[2018.12.12-14.57.12:161][ 73]PIE: Play in editor start time for /Game/ThirdPersonBP/Maps/UEDPIE_0_ThirdPersonExampleMap 1.099
[2018.12.12-14.57.12:162][ 73]LogBlueprintUserMessages: Late PlayInEditor Detection: Level '/Game/ThirdPersonBP/Maps/ThirdPersonExampleMap.ThirdPersonExampleMap:PersistentLevel' has LevelScriptBlueprint '/Game/ThirdPersonBP/Maps/ThirdPersonExampleMap.ThirdPersonExampleMap:PersistentLevel.ThirdPersonExampleMap' with GeneratedClass '/Game/ThirdPersonBP/Maps/ThirdPersonExampleMap.ThirdPersonExampleMap_C' with ClassGeneratedBy '/Game/ThirdPersonBP/Maps/ThirdPersonExampleMap.ThirdPersonExampleMap:PersistentLevel.ThirdPersonExampleMap'
[2018.12.12-14.57.26:380][365]LogBlueprintUserMessages: Early EndPlayMap Detection: Level '/Game/ThirdPersonBP/Maps/ThirdPersonExampleMap.ThirdPersonExampleMap:PersistentLevel' has LevelScriptBlueprint '/Game/ThirdPersonBP/Maps/ThirdPersonExampleMap.ThirdPersonExampleMap:PersistentLevel.ThirdPersonExampleMap' with GeneratedClass '/Game/ThirdPersonBP/Maps/ThirdPersonExampleMap.ThirdPersonExampleMap_C' with ClassGeneratedBy '/Game/ThirdPersonBP/Maps/ThirdPersonExampleMap.ThirdPersonExampleMap:PersistentLevel.ThirdPersonExampleMap'
[2018.12.12-14.57.26:381][365]LogSlate: Updating window title bar state: overlay mode, drag disabled, window buttons hidden, title bar hidden
[2018.12.12-14.57.26:468][365]LogPlayLevel: Display: Shutting down PIE online subsystems
[2018.12.12-14.57.26:468][365]LogBlueprintUserMessages: Late EndPlayMap Detection: Level '/Game/ThirdPersonBP/Maps/ThirdPersonExampleMap.ThirdPersonExampleMap:PersistentLevel' has LevelScriptBlueprint '/Game/ThirdPersonBP/Maps/ThirdPersonExampleMap.ThirdPersonExampleMap:PersistentLevel.ThirdPersonExampleMap' with GeneratedClass '/Game/ThirdPersonBP/Maps/ThirdPersonExampleMap.ThirdPersonExampleMap_C' with ClassGeneratedBy '/Game/ThirdPersonBP/Maps/ThirdPersonExampleMap.ThirdPersonExampleMap:PersistentLevel.ThirdPersonExampleMap'
[2018.12.12-14.57.26:501][365]LogSlate: Updating window title bar state: overlay mode, drag disabled, window buttons hidden, title bar hidden
[2018.12.12-14.57.26:568][366]LogPlayLevel: Display: Destroying online subsystem :Context_2
[2018.12.12-14.57.49:663][447]LogSlate: FSceneViewport::OnFocusLost() reason 0
[2018.12.12-14.57.51:792][488]LogAssetEditorManager: Opening Asset editor for Blueprint /Game/ThirdPersonBP/Blueprints/ThirdPersonCharacter.ThirdPersonCharacter
[2018.12.12-14.57.52:362][489]LogSlate: Took 0.000285 seconds to synchronously load lazily loaded font '../../../Engine/Content/Slate/Fonts/Roboto-Italic.ttf' (157K)
[2018.12.12-14.57.55:089][532]LogSlate: Window 'ThirdPersonCharacter' being destroyed
[2018.12.12-14.58.54:067][ 61]BlueprintLog: New page: Compile ThirdPersonCharacter
[2018.12.12-14.58.55:806][ 86]LogSlate: Window 'ThirdPersonCharacter*' being destroyed
[2018.12.12-14.58.55:871][ 86]LogSlate: Window 'ThirdPersonCharacter*' being destroyed
[2018.12.12-14.59.58:816][540]LogSlate: Window 'Pick Parent Class' being destroyed
[2018.12.12-15.00.18:010][923]LogAssetEditorManager: Opening Asset editor for Blueprint /Game/MainFunctions/BP_PantheonPlayerController.BP_PantheonPlayerController
[2018.12.12-15.00.18:483][923]LogRenderer: Reallocating scene render targets to support 1172x728 Format 10 NumSamples 1 (Frame:1).
[2018.12.12-15.00.21:173][955]LogSlate: Window 'BP_PantheonPlayerController*' being destroyed
[2018.12.12-15.00.30:264][ 68]LogSlate: Window 'BP_PantheonPlayerController*' being destroyed
[2018.12.12-15.00.30:350][ 68]LogSlate: Window 'BP_PantheonPlayerController*' being destroyed
[2018.12.12-15.00.57:708][437]LogSlate: Window 'Pick Parent Class' being destroyed
[2018.12.12-15.01.21:530][909]LogAssetEditorManager: Opening Asset editor for Blueprint /Game/MainFunctions/BP_PantheonGameInstance.BP_PantheonGameInstance
[2018.12.12-15.01.22:888][925]LogAssetEditorManager: Opening Asset editor for Blueprint /Game/MainFunctions/BP_PantheonPlayerController.BP_PantheonPlayerController
[2018.12.12-15.01.24:690][949]LogSlate: Window 'BP_PantheonPlayerController*' being destroyed
[2018.12.12-15.01.24:757][949]LogSlate: Window 'BP_PantheonPlayerController*' being destroyed
[2018.12.12-15.01.50:398][432]LogUnrealEdMisc: Warning: Heartbeat event firing too frequently (52.663 sec). This should never happen. Something is wrong with the timer delegate!
[2018.12.12-15.04.49:103][356]LogSlate: FSceneViewport::OnFocusLost() reason 0
[2018.12.12-15.04.53:746][414]LogSlate: Window 'Save Content' being destroyed
[2018.12.12-15.04.53:784][414]LogSavePackage: Moving '../../../../../Users/Gavin Johnson/Documents/GitHub/PantheonTest/Pantheon/Saved/BP_PantheonGameInstanceD5CDB91C47BA41A51DE8D5BAFA952D9B.tmp' to '../../../../../Users/Gavin Johnson/Documents/GitHub/PantheonTest/Pantheon/Content/MainFunctions/BP_PantheonGameInstance.uasset'
[2018.12.12-15.04.53:806][414]LogSavePackage: Moving '../../../../../Users/Gavin Johnson/Documents/GitHub/PantheonTest/Pantheon/Saved/BP_PantheonPlayerController523E12F1412A269B5BA1F19365713713.tmp' to '../../../../../Users/Gavin Johnson/Documents/GitHub/PantheonTest/Pantheon/Content/MainFunctions/BP_PantheonPlayerController.uasset'
[2018.12.12-15.04.53:934][414]LogSavePackage: Moving '../../../../../Users/Gavin Johnson/Documents/GitHub/PantheonTest/Pantheon/Saved/ThirdPersonCharacterDF81450146D613CF93A238A6C65DA07E.tmp' to '../../../../../Users/Gavin Johnson/Documents/GitHub/PantheonTest/Pantheon/Content/ThirdPersonBP/Blueprints/ThirdPersonCharacter.uasset'
[2018.12.12-15.04.54:393][414]LogSavePackage: Moving '../../../../../Users/Gavin Johnson/Documents/GitHub/PantheonTest/Pantheon/Saved/ThirdPersonExampleMapA7D8452A42A9EBDCA016478223F6D271.tmp' to '../../../../../Users/Gavin Johnson/Documents/GitHub/PantheonTest/Pantheon/Content/ThirdPersonBP/Maps/ThirdPersonExampleMap.umap'
[2018.12.12-15.04.54:425][414]LogFileHelpers: Saving map 'ThirdPersonExampleMap' took 0.486
[2018.12.12-15.04.56:506][455]LogAssetEditorManager: Opening Asset editor for Blueprint /Game/MainFunctions/PantheonGameMode.PantheonGameMode
[2018.12.12-15.05.00:308][506]LogSlate: Window 'PantheonGameMode' being destroyed
[2018.12.12-15.05.06:758][606]LogSlate: Prevented a slow task dialog from being summoned while a context menu was open
[2018.12.12-15.05.15:585][743]BlueprintLog: New page: Compile PantheonGameMode
[2018.12.12-15.05.16:523][754]LogSavePackage: Moving '../../../../../Users/Gavin Johnson/Documents/GitHub/PantheonTest/Pantheon/Saved/PantheonGameMode2D1B5BCE4366870CBD6C62B35750CB52.tmp' to '../../../../../Users/Gavin Johnson/Documents/GitHub/PantheonTest/Pantheon/Content/MainFunctions/PantheonGameMode.uasset'
[2018.12.12-15.05.18:290][783]LogSlate: Window 'PantheonGameMode' being destroyed
[2018.12.12-15.05.18:361][783]LogSlate: Window 'PantheonGameMode' being destroyed
[2018.12.12-15.05.25:257][883]LogSlate: Only BGRA pngs, bmps or icos are supported in by External Image Picker
[2018.12.12-15.05.25:366][884]LogTemp: Executing iPhonePackager certificates Engine -bundlename com.YourCompany.Pantheon
[2018.12.12-15.05.25:367][884]LogTemp: CWD: F:\Epic Games\UE_4.21\Engine\Binaries\DotNET\IOS
[2018.12.12-15.05.25:367][884]LogTemp: Initial Dir: F:\Epic Games\UE_4.21
[2018.12.12-15.05.25:367][884]LogTemp: Env CWD: F:\Epic Games\UE_4.21\Engine\Binaries\DotNET\IOS
[2018.12.12-15.05.25:367][884]LogTemp: BranchPath = GAVIN-PC/F/Epic Games/UE_4.21/Engine/Binaries --- GameBranchPath = GAVIN-PC/F/Epic Games/UE_4.21/Engine/Binaries
[2018.12.12-15.05.25:367][884]LogTemp: IPP ERROR: Could not find provision directory 'C:\Users\Gavin\AppData\Local/Apple Computer/MobileDevice/Provisioning Profiles/'.
[2018.12.12-15.05.29:296][943]LogSlate: Prevented a slow task dialog from being summoned while a context menu was open
[2018.12.12-15.05.54:040][215]LogSlate: Window 'Project Settings' being destroyed
[2018.12.12-15.05.54:104][215]LogSlate: Window 'Project Settings' being destroyed
[2018.12.12-15.05.56:079][243]LogSavePackage: Moving '../../../../../Users/Gavin Johnson/Documents/GitHub/PantheonTest/Pantheon/Saved/ThirdPersonExampleMap269CD4C54211F043F87A57A0D3646B21.tmp' to '../../../../../Users/Gavin Johnson/Documents/GitHub/PantheonTest/Pantheon/Content/ThirdPersonBP/Maps/ThirdPersonExampleMap.umap'
[2018.12.12-15.05.56:277][243]LogSavePackage: Moving '../../../../../Users/Gavin Johnson/Documents/GitHub/PantheonTest/Pantheon/Saved/ThirdPersonExampleMap_BuiltDataB5A9623044F801931383E8B7BFBBF893.tmp' to '../../../../../Users/Gavin Johnson/Documents/GitHub/PantheonTest/Pantheon/Content/ThirdPersonBP/Maps/ThirdPersonExampleMap_BuiltData.uasset'
[2018.12.12-15.06.00:443][326]LogTemp: Repeating last play command: Selected Viewport
[2018.12.12-15.06.00:476][326]LogBlueprintUserMessages: Early PlayInEditor Detection: Level '/Game/ThirdPersonBP/Maps/ThirdPersonExampleMap.ThirdPersonExampleMap:PersistentLevel' has LevelScriptBlueprint '/Game/ThirdPersonBP/Maps/ThirdPersonExampleMap.ThirdPersonExampleMap:PersistentLevel.ThirdPersonExampleMap' with GeneratedClass '/Game/ThirdPersonBP/Maps/ThirdPersonExampleMap.ThirdPersonExampleMap_C' with ClassGeneratedBy '/Game/ThirdPersonBP/Maps/ThirdPersonExampleMap.ThirdPersonExampleMap:PersistentLevel.ThirdPersonExampleMap'
[2018.12.12-15.06.00:476][326]LogPlayLevel: PlayLevel: No blueprints needed recompiling
[2018.12.12-15.06.00:476][326]PIE: New page: PIE session: ThirdPersonExampleMap (12 Dec 2018 15:06:00)
[2018.12.12-15.06.00:476][326]LogPlayLevel: Creating play world package: /Game/ThirdPersonBP/Maps/UEDPIE_0_ThirdPersonExampleMap
[2018.12.12-15.06.00:523][326]LogPlayLevel: PIE: StaticDuplicateObject took: (0.046029s)
[2018.12.12-15.06.00:524][326]LogAIModule: Creating AISystem for world ThirdPersonExampleMap
[2018.12.12-15.06.00:524][326]LogPlayLevel: PIE: World Init took: (0.001026s)
[2018.12.12-15.06.00:524][326]LogPlayLevel: PIE: Created PIE world by copying editor world from /Game/ThirdPersonBP/Maps/ThirdPersonExampleMap.ThirdPersonExampleMap to /Game/ThirdPersonBP/Maps/UEDPIE_0_ThirdPersonExampleMap.ThirdPersonExampleMap (0.047350s)
[2018.12.12-15.06.00:599][326]LogInit: XAudio2 using 'Speakers (Realtek High Definition Audio)' : 2 channels at 44.1 kHz using 32 bits per sample (channel mask 0x3)
[2018.12.12-15.06.00:619][326]LogInit: FAudioDevice initialized.
[2018.12.12-15.06.00:651][326]LogLoad: Game class is 'PantheonGameMode_C'
[2018.12.12-15.06.00:656][326]LogWorld: Bringing World /Game/ThirdPersonBP/Maps/UEDPIE_0_ThirdPersonExampleMap.ThirdPersonExampleMap up for play (max tick rate 0) at 2018.12.12-15.06.00
[2018.12.12-15.06.00:657][326]LogWorld: Bringing up level for play took: 0.004583
[2018.12.12-15.06.00:670][326]PIE: Play in editor start time for /Game/ThirdPersonBP/Maps/UEDPIE_0_ThirdPersonExampleMap -0.392
[2018.12.12-15.06.00:671][326]LogBlueprintUserMessages: Late PlayInEditor Detection: Level '/Game/ThirdPersonBP/Maps/ThirdPersonExampleMap.ThirdPersonExampleMap:PersistentLevel' has LevelScriptBlueprint '/Game/ThirdPersonBP/Maps/ThirdPersonExampleMap.ThirdPersonExampleMap:PersistentLevel.ThirdPersonExampleMap' with GeneratedClass '/Game/ThirdPersonBP/Maps/ThirdPersonExampleMap.ThirdPersonExampleMap_C' with ClassGeneratedBy '/Game/ThirdPersonBP/Maps/ThirdPersonExampleMap.ThirdPersonExampleMap:PersistentLevel.ThirdPersonExampleMap'
[2018.12.12-15.06.25:600][807]LogBlueprintUserMessages: Early EndPlayMap Detection: Level '/Game/ThirdPersonBP/Maps/ThirdPersonExampleMap.ThirdPersonExampleMap:PersistentLevel' has LevelScriptBlueprint '/Game/ThirdPersonBP/Maps/ThirdPersonExampleMap.ThirdPersonExampleMap:PersistentLevel.ThirdPersonExampleMap' with GeneratedClass '/Game/ThirdPersonBP/Maps/ThirdPersonExampleMap.ThirdPersonExampleMap_C' with ClassGeneratedBy '/Game/ThirdPersonBP/Maps/ThirdPersonExampleMap.ThirdPersonExampleMap:PersistentLevel.ThirdPersonExampleMap'
[2018.12.12-15.06.25:601][807]LogSlate: Updating window title bar state: overlay mode, drag disabled, window buttons hidden, title bar hidden
[2018.12.12-15.06.25:689][807]LogPlayLevel: Display: Shutting down PIE online subsystems
[2018.12.12-15.06.25:690][807]LogBlueprintUserMessages: Late EndPlayMap Detection: Level '/Game/ThirdPersonBP/Maps/ThirdPersonExampleMap.ThirdPersonExampleMap:PersistentLevel' has LevelScriptBlueprint '/Game/ThirdPersonBP/Maps/ThirdPersonExampleMap.ThirdPersonExampleMap:PersistentLevel.ThirdPersonExampleMap' with GeneratedClass '/Game/ThirdPersonBP/Maps/ThirdPersonExampleMap.ThirdPersonExampleMap_C' with ClassGeneratedBy '/Game/ThirdPersonBP/Maps/ThirdPersonExampleMap.ThirdPersonExampleMap:PersistentLevel.ThirdPersonExampleMap'
[2018.12.12-15.06.25:720][807]LogSlate: Updating window title bar state: overlay mode, drag disabled, window buttons hidden, title bar hidden
[2018.12.12-15.06.25:793][808]LogPlayLevel: Display: Destroying online subsystem :Context_10
[2018.12.12-15.06.50:007][970]LogSlate: FSceneViewport::OnFocusLost() reason 0
[2018.12.12-15.07.05:769][214]LogEditorViewport: Clicking on Actor (LMB): Landscape (Landscape)
[2018.12.12-15.07.06:668][230]LogEditorViewport: Clicking on Actor (LMB): Landscape (Landscape)
[2018.12.12-15.07.07:306][241]LogEditorViewport: Clicking on Actor (LMB): ThirdPersonCharacter_C (ThirdPersonCharacter)
[2018.12.12-15.07.10:749][293]Cmd: DELETE
[2018.12.12-15.07.10:749][293]Cmd: ACTOR DELETE
[2018.12.12-15.07.10:763][293]LogEditorActor: Deleted Actor: ThirdPersonCharacter_C
[2018.12.12-15.07.10:865][293]LogEditorActor: Deleted 1 Actors (0.116 secs)
[2018.12.12-15.07.12:514][328]LogSlate: FSceneViewport::OnFocusLost() reason 0
[2018.12.12-15.07.15:266][383]LogTemp: Repeating last play command: Selected Viewport
[2018.12.12-15.07.15:283][383]LogBlueprintUserMessages: Early PlayInEditor Detection: Level '/Game/ThirdPersonBP/Maps/ThirdPersonExampleMap.ThirdPersonExampleMap:PersistentLevel' has LevelScriptBlueprint '/Game/ThirdPersonBP/Maps/ThirdPersonExampleMap.ThirdPersonExampleMap:PersistentLevel.ThirdPersonExampleMap' with GeneratedClass '/Game/ThirdPersonBP/Maps/ThirdPersonExampleMap.ThirdPersonExampleMap_C' with ClassGeneratedBy '/Game/ThirdPersonBP/Maps/ThirdPersonExampleMap.ThirdPersonExampleMap:PersistentLevel.ThirdPersonExampleMap'
[2018.12.12-15.07.15:283][383]LogPlayLevel: PlayLevel: No blueprints needed recompiling
[2018.12.12-15.07.15:283][383]PIE: New page: PIE session: ThirdPersonExampleMap (12 Dec 2018 15:07:15)
[2018.12.12-15.07.15:283][383]LogPlayLevel: Creating play world package: /Game/ThirdPersonBP/Maps/UEDPIE_0_ThirdPersonExampleMap
[2018.12.12-15.07.15:326][383]LogPlayLevel: PIE: StaticDuplicateObject took: (0.042380s)
[2018.12.12-15.07.15:327][383]LogAIModule: Creating AISystem for world ThirdPersonExampleMap
[2018.12.12-15.07.15:327][383]LogPlayLevel: PIE: World Init took: (0.001077s)
[2018.12.12-15.07.15:327][383]LogPlayLevel: PIE: Created PIE world by copying editor world from /Game/ThirdPersonBP/Maps/ThirdPersonExampleMap.ThirdPersonExampleMap to /Game/ThirdPersonBP/Maps/UEDPIE_0_ThirdPersonExampleMap.ThirdPersonExampleMap (0.043794s)
[2018.12.12-15.07.15:388][383]LogInit: XAudio2 using 'Speakers (Realtek High Definition Audio)' : 2 channels at 44.1 kHz using 32 bits per sample (channel mask 0x3)
[2018.12.12-15.07.15:406][383]LogInit: FAudioDevice initialized.
[2018.12.12-15.07.15:434][383]LogLoad: Game class is 'PantheonGameMode_C'
[2018.12.12-15.07.15:438][383]LogWorld: Bringing World /Game/ThirdPersonBP/Maps/UEDPIE_0_ThirdPersonExampleMap.ThirdPersonExampleMap up for play (max tick rate 0) at 2018.12.12-15.07.15
[2018.12.12-15.07.15:438][383]LogWorld: Bringing up level for play took: 0.003287
[2018.12.12-15.07.15:452][383]PIE: Play in editor start time for /Game/ThirdPersonBP/Maps/UEDPIE_0_ThirdPersonExampleMap 0.389
[2018.12.12-15.07.15:452][383]LogBlueprintUserMessages: Late PlayInEditor Detection: Level '/Game/ThirdPersonBP/Maps/ThirdPersonExampleMap.ThirdPersonExampleMap:PersistentLevel' has LevelScriptBlueprint '/Game/ThirdPersonBP/Maps/ThirdPersonExampleMap.ThirdPersonExampleMap:PersistentLevel.ThirdPersonExampleMap' with GeneratedClass '/Game/ThirdPersonBP/Maps/ThirdPersonExampleMap.ThirdPersonExampleMap_C' with ClassGeneratedBy '/Game/ThirdPersonBP/Maps/ThirdPersonExampleMap.ThirdPersonExampleMap:PersistentLevel.ThirdPersonExampleMap'
[2018.12.12-15.07.20:674][493]LogBlueprintUserMessages: Early EndPlayMap Detection: Level '/Game/ThirdPersonBP/Maps/ThirdPersonExampleMap.ThirdPersonExampleMap:PersistentLevel' has LevelScriptBlueprint '/Game/ThirdPersonBP/Maps/ThirdPersonExampleMap.ThirdPersonExampleMap:PersistentLevel.ThirdPersonExampleMap' with GeneratedClass '/Game/ThirdPersonBP/Maps/ThirdPersonExampleMap.ThirdPersonExampleMap_C' with ClassGeneratedBy '/Game/ThirdPersonBP/Maps/ThirdPersonExampleMap.ThirdPersonExampleMap:PersistentLevel.ThirdPersonExampleMap'
[2018.12.12-15.07.20:674][493]LogSlate: Updating window title bar state: overlay mode, drag disabled, window buttons hidden, title bar hidden
[2018.12.12-15.07.20:754][493]LogPlayLevel: Display: Shutting down PIE online subsystems
[2018.12.12-15.07.20:755][493]LogBlueprintUserMessages: Late EndPlayMap Detection: Level '/Game/ThirdPersonBP/Maps/ThirdPersonExampleMap.ThirdPersonExampleMap:PersistentLevel' has LevelScriptBlueprint '/Game/ThirdPersonBP/Maps/ThirdPersonExampleMap.ThirdPersonExampleMap:PersistentLevel.ThirdPersonExampleMap' with GeneratedClass '/Game/ThirdPersonBP/Maps/ThirdPersonExampleMap.ThirdPersonExampleMap_C' with ClassGeneratedBy '/Game/ThirdPersonBP/Maps/ThirdPersonExampleMap.ThirdPersonExampleMap:PersistentLevel.ThirdPersonExampleMap'
[2018.12.12-15.07.20:787][493]LogSlate: Updating window title bar state: overlay mode, drag disabled, window buttons hidden, title bar hidden
[2018.12.12-15.07.20:856][494]LogPlayLevel: Display: Destroying online subsystem :Context_11
[2018.12.12-15.07.27:767][576]LogSlate: FSceneViewport::OnFocusLost() reason 0
[2018.12.12-15.07.30:114][619]LogAssetEditorManager: Opening Asset editor for Blueprint /Game/MainFunctions/PantheonGameMode.PantheonGameMode
[2018.12.12-15.07.32:422][650]LogSlate: Prevented a slow task dialog from being summoned while a context menu was open
[2018.12.12-15.07.36:324][712]BlueprintLog: New page: Compile PantheonGameMode
[2018.12.12-15.07.37:256][723]LogSavePackage: Moving '../../../../../Users/Gavin Johnson/Documents/GitHub/PantheonTest/Pantheon/Saved/PantheonGameMode83B4AAFC4C67E282900100B512DCEC36.tmp' to '../../../../../Users/Gavin Johnson/Documents/GitHub/PantheonTest/Pantheon/Content/MainFunctions/PantheonGameMode.uasset'
[2018.12.12-15.07.38:521][745]LogTemp: Repeating last play command: Selected Viewport
[2018.12.12-15.07.38:541][745]LogBlueprintUserMessages: Early PlayInEditor Detection: Level '/Game/ThirdPersonBP/Maps/ThirdPersonExampleMap.ThirdPersonExampleMap:PersistentLevel' has LevelScriptBlueprint '/Game/ThirdPersonBP/Maps/ThirdPersonExampleMap.ThirdPersonExampleMap:PersistentLevel.ThirdPersonExampleMap' with GeneratedClass '/Game/ThirdPersonBP/Maps/ThirdPersonExampleMap.ThirdPersonExampleMap_C' with ClassGeneratedBy '/Game/ThirdPersonBP/Maps/ThirdPersonExampleMap.ThirdPersonExampleMap:PersistentLevel.ThirdPersonExampleMap'
[2018.12.12-15.07.38:541][745]LogPlayLevel: PlayLevel: No blueprints needed recompiling
[2018.12.12-15.07.38:541][745]PIE: New page: PIE session: ThirdPersonExampleMap (12 Dec 2018 15:07:38)
[2018.12.12-15.07.38:541][745]LogPlayLevel: Creating play world package: /Game/ThirdPersonBP/Maps/UEDPIE_0_ThirdPersonExampleMap
[2018.12.12-15.07.38:586][745]LogPlayLevel: PIE: StaticDuplicateObject took: (0.044394s)
[2018.12.12-15.07.38:586][745]LogAIModule: Creating AISystem for world ThirdPersonExampleMap
[2018.12.12-15.07.38:587][745]LogPlayLevel: PIE: World Init took: (0.001134s)
[2018.12.12-15.07.38:587][745]LogPlayLevel: PIE: Created PIE world by copying editor world from /Game/ThirdPersonBP/Maps/ThirdPersonExampleMap.ThirdPersonExampleMap to /Game/ThirdPersonBP/Maps/UEDPIE_0_ThirdPersonExampleMap.ThirdPersonExampleMap (0.045841s)
[2018.12.12-15.07.38:647][745]LogInit: XAudio2 using 'Speakers (Realtek High Definition Audio)' : 2 channels at 44.1 kHz using 32 bits per sample (channel mask 0x3)
[2018.12.12-15.07.38:664][745]LogInit: FAudioDevice initialized.
[2018.12.12-15.07.38:699][745]LogLoad: Game class is 'PantheonGameMode_C'
[2018.12.12-15.07.38:703][745]LogWorld: Bringing World /Game/ThirdPersonBP/Maps/UEDPIE_0_ThirdPersonExampleMap.ThirdPersonExampleMap up for play (max tick rate 0) at 2018.12.12-15.07.38
[2018.12.12-15.07.38:703][745]LogWorld: Bringing up level for play took: 0.003227
[2018.12.12-15.07.38:719][745]PIE: Play in editor start time for /Game/ThirdPersonBP/Maps/UEDPIE_0_ThirdPersonExampleMap -0.344
[2018.12.12-15.07.38:719][745]LogBlueprintUserMessages: Late PlayInEditor Detection: Level '/Game/ThirdPersonBP/Maps/ThirdPersonExampleMap.ThirdPersonExampleMap:PersistentLevel' has LevelScriptBlueprint '/Game/ThirdPersonBP/Maps/ThirdPersonExampleMap.ThirdPersonExampleMap:PersistentLevel.ThirdPersonExampleMap' with GeneratedClass '/Game/ThirdPersonBP/Maps/ThirdPersonExampleMap.ThirdPersonExampleMap_C' with ClassGeneratedBy '/Game/ThirdPersonBP/Maps/ThirdPersonExampleMap.ThirdPersonExampleMap:PersistentLevel.ThirdPersonExampleMap'
[2018.12.12-15.07.46:636][873]LogBlueprintUserMessages: Early EndPlayMap Detection: Level '/Game/ThirdPersonBP/Maps/ThirdPersonExampleMap.ThirdPersonExampleMap:PersistentLevel' has LevelScriptBlueprint '/Game/ThirdPersonBP/Maps/ThirdPersonExampleMap.ThirdPersonExampleMap:PersistentLevel.ThirdPersonExampleMap' with GeneratedClass '/Game/ThirdPersonBP/Maps/ThirdPersonExampleMap.ThirdPersonExampleMap_C' with ClassGeneratedBy '/Game/ThirdPersonBP/Maps/ThirdPersonExampleMap.ThirdPersonExampleMap:PersistentLevel.ThirdPersonExampleMap'
[2018.12.12-15.07.46:637][873]LogSlate: Updating window title bar state: overlay mode, drag disabled, window buttons hidden, title bar hidden
[2018.12.12-15.07.46:733][873]LogPlayLevel: Display: Shutting down PIE online subsystems
[2018.12.12-15.07.46:733][873]LogBlueprintUserMessages: Late EndPlayMap Detection: Level '/Game/ThirdPersonBP/Maps/ThirdPersonExampleMap.ThirdPersonExampleMap:PersistentLevel' has LevelScriptBlueprint '/Game/ThirdPersonBP/Maps/ThirdPersonExampleMap.ThirdPersonExampleMap:PersistentLevel.ThirdPersonExampleMap' with GeneratedClass '/Game/ThirdPersonBP/Maps/ThirdPersonExampleMap.ThirdPersonExampleMap_C' with ClassGeneratedBy '/Game/ThirdPersonBP/Maps/ThirdPersonExampleMap.ThirdPersonExampleMap:PersistentLevel.ThirdPersonExampleMap'
[2018.12.12-15.07.46:760][873]LogSlate: Updating window title bar state: overlay mode, drag disabled, window buttons hidden, title bar hidden
[2018.12.12-15.07.46:830][874]LogPlayLevel: Display: Destroying online subsystem :Context_13
[2018.12.12-15.07.48:946][910]LogSlate: FSceneViewport::OnFocusLost() reason 0
[2018.12.12-15.07.49:067][912]LogSlate: Window 'PantheonGameMode' being destroyed
[2018.12.12-15.08.03:202][  4]LogAssetEditorManager: Opening Asset editor for Blueprint /Game/ThirdPersonBP/Blueprints/ThirdPersonCharacter.ThirdPersonCharacter
[2018.12.12-15.08.08:329][ 69]LogSlate: Window 'ThirdPersonCharacter' being destroyed
[2018.12.12-15.08.22:857][315]LogSlate: Took 0.019940 seconds to synchronously load lazily loaded font '../../../Engine/Content/Slate/Fonts/Roboto-BoldCondensedItalic.ttf' (160K)
[2018.12.12-15.09.32:296][460]BlueprintLog: New page: Compile ThirdPersonCharacter
[2018.12.12-15.09.33:351][470]LogSavePackage: Moving '../../../../../Users/Gavin Johnson/Documents/GitHub/PantheonTest/Pantheon/Saved/ThirdPersonCharacterB79B53D84BA1DC84C0C01C95A1EF3EDD.tmp' to '../../../../../Users/Gavin Johnson/Documents/GitHub/PantheonTest/Pantheon/Content/ThirdPersonBP/Blueprints/ThirdPersonCharacter.uasset'
[2018.12.12-15.09.58:076][886]BlueprintLog: New page: Compile ThirdPersonCharacter
[2018.12.12-15.09.59:562][903]LogSavePackage: Moving '../../../../../Users/Gavin Johnson/Documents/GitHub/PantheonTest/Pantheon/Saved/ThirdPersonCharacter3FB97FC54F06A13C08A4A5B233DC3C87.tmp' to '../../../../../Users/Gavin Johnson/Documents/GitHub/PantheonTest/Pantheon/Content/ThirdPersonBP/Blueprints/ThirdPersonCharacter.uasset'
[2018.12.12-15.11.05:864][ 20]BlueprintLog: New page: Compile ThirdPersonCharacter
[2018.12.12-15.11.07:915][ 47]LogSavePackage: Moving '../../../../../Users/Gavin Johnson/Documents/GitHub/PantheonTest/Pantheon/Saved/ThirdPersonCharacter8C44D1514F12F5F1AD3C7595DE452A71.tmp' to '../../../../../Users/Gavin Johnson/Documents/GitHub/PantheonTest/Pantheon/Content/ThirdPersonBP/Blueprints/ThirdPersonCharacter.uasset'
[2018.12.12-15.11.16:920][184]BlueprintLog: New page: Collapse to Function
[2018.12.12-15.11.48:220][643]BlueprintLog: New page: Compile ThirdPersonCharacter
[2018.12.12-15.11.50:417][675]LogSavePackage: Moving '../../../../../Users/Gavin Johnson/Documents/GitHub/PantheonTest/Pantheon/Saved/ThirdPersonCharacter98E433E3487CECC6D3BC3DA83F7484EA.tmp' to '../../../../../Users/Gavin Johnson/Documents/GitHub/PantheonTest/Pantheon/Content/ThirdPersonBP/Blueprints/ThirdPersonCharacter.uasset'
[2018.12.12-15.16.49:439][399]BlueprintLog: New page: Compile ThirdPersonCharacter
[2018.12.12-15.16.50:539][409]LogSavePackage: Moving '../../../../../Users/Gavin Johnson/Documents/GitHub/PantheonTest/Pantheon/Saved/ThirdPersonCharacter5B35A66843FD162C1E8970A6855A5756.tmp' to '../../../../../Users/Gavin Johnson/Documents/GitHub/PantheonTest/Pantheon/Content/ThirdPersonBP/Blueprints/ThirdPersonCharacter.uasset'
[2018.12.12-15.17.14:234][807]LogSavePackage: Moving '../../../../../Users/Gavin Johnson/Documents/GitHub/PantheonTest/Pantheon/Saved/ThirdPersonExampleMapEB0DBE91424120EC859F8E907AF477E0.tmp' to '../../../../../Users/Gavin Johnson/Documents/GitHub/PantheonTest/Pantheon/Content/ThirdPersonBP/Maps/ThirdPersonExampleMap.umap'
[2018.12.12-15.17.14:379][807]LogSavePackage: Moving '../../../../../Users/Gavin Johnson/Documents/GitHub/PantheonTest/Pantheon/Saved/ThirdPersonExampleMap_BuiltData2A975E424FBF37894CF6D3A7CCB5528C.tmp' to '../../../../../Users/Gavin Johnson/Documents/GitHub/PantheonTest/Pantheon/Content/ThirdPersonBP/Maps/ThirdPersonExampleMap_BuiltData.uasset'
[2018.12.12-15.17.30:590][134]LogAssetEditorManager: Opening Asset editor for WidgetBlueprint /Game/UI/UI_GameHUD.UI_GameHUD
[2018.12.12-15.17.34:371][191]Cmd: OBJ SAVEPACKAGE PACKAGE="/Game/UI/UI_GameHUD" FILE="../../../../../Users/Gavin Johnson/Documents/GitHub/PantheonTest/Pantheon/Content/UI/UI_GameHUD.uasset" SILENT=true
[2018.12.12-15.17.34:383][191]LogSavePackage: Moving '../../../../../Users/Gavin Johnson/Documents/GitHub/PantheonTest/Pantheon/Saved/UI_GameHUD9B576B6543BE92A74EE64A85D6D4ECAE.tmp' to '../../../../../Users/Gavin Johnson/Documents/GitHub/PantheonTest/Pantheon/Content/UI/UI_GameHUD.uasset'
[2018.12.12-15.18.25:801][954]LogSlate: Window 'Color Picker' being destroyed
[2018.12.12-15.19.18:282][569]LogSlate: Window 'Color Picker' being destroyed
[2018.12.12-15.19.53:091][138]BlueprintLog: New page: Compile UI_GameHUD
[2018.12.12-15.19.54:057][149]Cmd: OBJ SAVEPACKAGE PACKAGE="/Game/UI/UI_GameHUD" FILE="../../../../../Users/Gavin Johnson/Documents/GitHub/PantheonTest/Pantheon/Content/UI/UI_GameHUD.uasset" SILENT=true
[2018.12.12-15.19.54:078][149]LogSavePackage: Moving '../../../../../Users/Gavin Johnson/Documents/GitHub/PantheonTest/Pantheon/Saved/UI_GameHUD412027014E2EE472C05D2A92F56FBB77.tmp' to '../../../../../Users/Gavin Johnson/Documents/GitHub/PantheonTest/Pantheon/Content/UI/UI_GameHUD.uasset'
[2018.12.12-15.22.09:381][ 29]BlueprintLog: New page: Compile UI_GameHUD
[2018.12.12-15.22.11:570][ 43]Cmd: OBJ SAVEPACKAGE PACKAGE="/Game/UI/UI_GameHUD" FILE="../../../../../Users/Gavin Johnson/Documents/GitHub/PantheonTest/Pantheon/Content/UI/UI_GameHUD.uasset" SILENT=true
[2018.12.12-15.22.11:593][ 43]LogSavePackage: Moving '../../../../../Users/Gavin Johnson/Documents/GitHub/PantheonTest/Pantheon/Saved/UI_GameHUD7AD8190E41780B79F3119FB7FB8EABFE.tmp' to '../../../../../Users/Gavin Johnson/Documents/GitHub/PantheonTest/Pantheon/Content/UI/UI_GameHUD.uasset'
[2018.12.12-15.22.58:826][816]BlueprintLog: New page: Compile UI_GameHUD
[2018.12.12-15.22.59:614][827]Cmd: OBJ SAVEPACKAGE PACKAGE="/Game/UI/UI_GameHUD" FILE="../../../../../Users/Gavin Johnson/Documents/GitHub/PantheonTest/Pantheon/Content/UI/UI_GameHUD.uasset" SILENT=true
[2018.12.12-15.22.59:639][827]LogSavePackage: Moving '../../../../../Users/Gavin Johnson/Documents/GitHub/PantheonTest/Pantheon/Saved/UI_GameHUDA63599ED4E5AF6B274E5E7940330D6C9.tmp' to '../../../../../Users/Gavin Johnson/Documents/GitHub/PantheonTest/Pantheon/Content/UI/UI_GameHUD.uasset'
[2018.12.12-15.23.30:975][352]BlueprintLog: New page: Compile UI_GameHUD
[2018.12.12-15.23.32:550][376]Cmd: OBJ SAVEPACKAGE PACKAGE="/Game/UI/UI_GameHUD" FILE="../../../../../Users/Gavin Johnson/Documents/GitHub/PantheonTest/Pantheon/Content/UI/UI_GameHUD.uasset" SILENT=true
[2018.12.12-15.23.32:579][376]LogSavePackage: Moving '../../../../../Users/Gavin Johnson/Documents/GitHub/PantheonTest/Pantheon/Saved/UI_GameHUD91CD41654C9C239BBF21C8A43ABA856E.tmp' to '../../../../../Users/Gavin Johnson/Documents/GitHub/PantheonTest/Pantheon/Content/UI/UI_GameHUD.uasset'
[2018.12.12-15.23.37:295][457]Cmd: OBJ SAVEPACKAGE PACKAGE="/Game/UI/UI_GameHUD" FILE="../../../../../Users/Gavin Johnson/Documents/GitHub/PantheonTest/Pantheon/Content/UI/UI_GameHUD.uasset" SILENT=true
[2018.12.12-15.23.37:323][457]LogSavePackage: Moving '../../../../../Users/Gavin Johnson/Documents/GitHub/PantheonTest/Pantheon/Saved/UI_GameHUD51DB52F5414731093A0042BFE58DBDD9.tmp' to '../../../../../Users/Gavin Johnson/Documents/GitHub/PantheonTest/Pantheon/Content/UI/UI_GameHUD.uasset'
[2018.12.12-15.24.15:236][ 94]LogSlate: Prevented a slow task dialog from being summoned while a context menu was open
[2018.12.12-15.26.27:627][243]BlueprintLog: New page: Compile ThirdPersonCharacter
[2018.12.12-15.26.29:265][263]LogSavePackage: Moving '../../../../../Users/Gavin Johnson/Documents/GitHub/PantheonTest/Pantheon/Saved/ThirdPersonCharacter3441D5D3466755F8D1350AA5BAB63FC6.tmp' to '../../../../../Users/Gavin Johnson/Documents/GitHub/PantheonTest/Pantheon/Content/ThirdPersonBP/Blueprints/ThirdPersonCharacter.uasset'
[2018.12.12-15.26.44:151][408]LogSavePackage: Moving '../../../../../Users/Gavin Johnson/Documents/GitHub/PantheonTest/Pantheon/Saved/ThirdPersonCharacter058E92EC4DD183D22EF470B78ED1F8FF.tmp' to '../../../../../Users/Gavin Johnson/Documents/GitHub/PantheonTest/Pantheon/Content/ThirdPersonBP/Blueprints/ThirdPersonCharacter.uasset'
[2018.12.12-15.26.46:754][459]LogTemp: Repeating last play command: Selected Viewport
[2018.12.12-15.26.46:791][459]LogBlueprintUserMessages: Early PlayInEditor Detection: Level '/Game/ThirdPersonBP/Maps/ThirdPersonExampleMap.ThirdPersonExampleMap:PersistentLevel' has LevelScriptBlueprint '/Game/ThirdPersonBP/Maps/ThirdPersonExampleMap.ThirdPersonExampleMap:PersistentLevel.ThirdPersonExampleMap' with GeneratedClass '/Game/ThirdPersonBP/Maps/ThirdPersonExampleMap.ThirdPersonExampleMap_C' with ClassGeneratedBy '/Game/ThirdPersonBP/Maps/ThirdPersonExampleMap.ThirdPersonExampleMap:PersistentLevel.ThirdPersonExampleMap'
[2018.12.12-15.26.46:791][459]LogPlayLevel: PlayLevel: No blueprints needed recompiling
[2018.12.12-15.26.46:792][459]PIE: New page: PIE session: ThirdPersonExampleMap (12 Dec 2018 15:26:46)
[2018.12.12-15.26.46:792][459]LogPlayLevel: Creating play world package: /Game/ThirdPersonBP/Maps/UEDPIE_0_ThirdPersonExampleMap
[2018.12.12-15.26.46:835][459]LogPlayLevel: PIE: StaticDuplicateObject took: (0.043193s)
[2018.12.12-15.26.46:836][459]LogAIModule: Creating AISystem for world ThirdPersonExampleMap
[2018.12.12-15.26.46:836][459]LogPlayLevel: PIE: World Init took: (0.001111s)
[2018.12.12-15.26.46:836][459]LogPlayLevel: PIE: Created PIE world by copying editor world from /Game/ThirdPersonBP/Maps/ThirdPersonExampleMap.ThirdPersonExampleMap to /Game/ThirdPersonBP/Maps/UEDPIE_0_ThirdPersonExampleMap.ThirdPersonExampleMap (0.044614s)
[2018.12.12-15.26.46:901][459]LogInit: XAudio2 using 'Speakers (Realtek High Definition Audio)' : 2 channels at 44.1 kHz using 32 bits per sample (channel mask 0x3)
[2018.12.12-15.26.46:919][459]LogInit: FAudioDevice initialized.
[2018.12.12-15.26.46:953][459]LogLoad: Game class is 'PantheonGameMode_C'
[2018.12.12-15.26.46:957][459]LogWorld: Bringing World /Game/ThirdPersonBP/Maps/UEDPIE_0_ThirdPersonExampleMap.ThirdPersonExampleMap up for play (max tick rate 0) at 2018.12.12-15.26.46
[2018.12.12-15.26.46:957][459]LogWorld: Bringing up level for play took: 0.003306
[2018.12.12-15.26.46:973][459]PIE: Play in editor start time for /Game/ThirdPersonBP/Maps/UEDPIE_0_ThirdPersonExampleMap -0.089
[2018.12.12-15.26.46:974][459]LogBlueprintUserMessages: Late PlayInEditor Detection: Level '/Game/ThirdPersonBP/Maps/ThirdPersonExampleMap.ThirdPersonExampleMap:PersistentLevel' has LevelScriptBlueprint '/Game/ThirdPersonBP/Maps/ThirdPersonExampleMap.ThirdPersonExampleMap:PersistentLevel.ThirdPersonExampleMap' with GeneratedClass '/Game/ThirdPersonBP/Maps/ThirdPersonExampleMap.ThirdPersonExampleMap_C' with ClassGeneratedBy '/Game/ThirdPersonBP/Maps/ThirdPersonExampleMap.ThirdPersonExampleMap:PersistentLevel.ThirdPersonExampleMap'
[2018.12.12-15.26.58:383][686]LogBlueprintUserMessages: Early EndPlayMap Detection: Level '/Game/ThirdPersonBP/Maps/ThirdPersonExampleMap.ThirdPersonExampleMap:PersistentLevel' has LevelScriptBlueprint '/Game/ThirdPersonBP/Maps/ThirdPersonExampleMap.ThirdPersonExampleMap:PersistentLevel.ThirdPersonExampleMap' with GeneratedClass '/Game/ThirdPersonBP/Maps/ThirdPersonExampleMap.ThirdPersonExampleMap_C' with ClassGeneratedBy '/Game/ThirdPersonBP/Maps/ThirdPersonExampleMap.ThirdPersonExampleMap:PersistentLevel.ThirdPersonExampleMap'
[2018.12.12-15.26.58:384][686]LogSlate: Updating window title bar state: overlay mode, drag disabled, window buttons hidden, title bar hidden
[2018.12.12-15.26.58:464][686]LogPlayLevel: Display: Shutting down PIE online subsystems
[2018.12.12-15.26.58:464][686]LogBlueprintUserMessages: Late EndPlayMap Detection: Level '/Game/ThirdPersonBP/Maps/ThirdPersonExampleMap.ThirdPersonExampleMap:PersistentLevel' has LevelScriptBlueprint '/Game/ThirdPersonBP/Maps/ThirdPersonExampleMap.ThirdPersonExampleMap:PersistentLevel.ThirdPersonExampleMap' with GeneratedClass '/Game/ThirdPersonBP/Maps/ThirdPersonExampleMap.ThirdPersonExampleMap_C' with ClassGeneratedBy '/Game/ThirdPersonBP/Maps/ThirdPersonExampleMap.ThirdPersonExampleMap:PersistentLevel.ThirdPersonExampleMap'
[2018.12.12-15.26.58:496][686]LogSlate: Updating window title bar state: overlay mode, drag disabled, window buttons hidden, title bar hidden
[2018.12.12-15.26.58:563][687]LogPlayLevel: Display: Destroying online subsystem :Context_17
[2018.12.12-15.26.59:641][707]LogSlate: FSceneViewport::OnFocusLost() reason 2
[2018.12.12-15.28.26:970][881]LogEditorTransaction: Undo Change Variable Category
[2018.12.12-15.30.34:638][781]BlueprintLog: New page: Compile ThirdPersonCharacter
[2018.12.12-15.30.35:659][790]LogSavePackage: Moving '../../../../../Users/Gavin Johnson/Documents/GitHub/PantheonTest/Pantheon/Saved/ThirdPersonCharacter6F45C0734C675D82F1B25BB15AF26141.tmp' to '../../../../../Users/Gavin Johnson/Documents/GitHub/PantheonTest/Pantheon/Content/ThirdPersonBP/Blueprints/ThirdPersonCharacter.uasset'
[2018.12.12-15.34.14:214][822]BlueprintLog: New page: Compile ThirdPersonCharacter
[2018.12.12-15.34.15:344][832]LogSavePackage: Moving '../../../../../Users/Gavin Johnson/Documents/GitHub/PantheonTest/Pantheon/Saved/ThirdPersonCharacter13A51F2C4A16C3C3C2C93CA4059905A6.tmp' to '../../../../../Users/Gavin Johnson/Documents/GitHub/PantheonTest/Pantheon/Content/ThirdPersonBP/Blueprints/ThirdPersonCharacter.uasset'
[2018.12.12-15.35.57:691][146]BlueprintLog: New page: Compile ThirdPersonCharacter
[2018.12.12-15.35.59:051][160]LogSavePackage: Moving '../../../../../Users/Gavin Johnson/Documents/GitHub/PantheonTest/Pantheon/Saved/ThirdPersonCharacter8EAD40984E612FCB3B8A03968610BE08.tmp' to '../../../../../Users/Gavin Johnson/Documents/GitHub/PantheonTest/Pantheon/Content/ThirdPersonBP/Blueprints/ThirdPersonCharacter.uasset'
